[2026-05-09T00:42:15.692+0000] {processor.py:161} INFO - Started process (PID=507) to work on /opt/airflow/dags/etl_pipeline.py
[2026-05-09T00:42:15.693+0000] {processor.py:830} INFO - Processing file /opt/airflow/dags/etl_pipeline.py for tasks to queue
[2026-05-09T00:42:15.693+0000] {logging_mixin.py:188} INFO - [2026-05-09T00:42:15.693+0000] {dagbag.py:538} INFO - Filling up the DagBag from /opt/airflow/dags/etl_pipeline.py
[2026-05-09T00:42:15.812+0000] {processor.py:840} INFO - DAG(s) 'etl_pipeline' retrieved from /opt/airflow/dags/etl_pipeline.py
[2026-05-09T00:42:15.825+0000] {logging_mixin.py:188} INFO - [2026-05-09T00:42:15.824+0000] {dag.py:3036} INFO - Sync 1 DAGs
[2026-05-09T00:42:15.835+0000] {logging_mixin.py:188} INFO - [2026-05-09T00:42:15.835+0000] {dag.py:3823} INFO - Setting next_dagrun for etl_pipeline to 2026-05-08 03:00:00+00:00, run_after=2026-05-09 03:00:00+00:00
[2026-05-09T00:42:15.843+0000] {processor.py:183} INFO - Processing /opt/airflow/dags/etl_pipeline.py took 0.153 seconds
[2026-05-09T00:59:44.909+0000] {processor.py:161} INFO - Started process (PID=513) to work on /opt/airflow/dags/etl_pipeline.py
[2026-05-09T00:59:44.910+0000] {processor.py:830} INFO - Processing file /opt/airflow/dags/etl_pipeline.py for tasks to queue
[2026-05-09T00:59:44.910+0000] {logging_mixin.py:188} INFO - [2026-05-09T00:59:44.910+0000] {dagbag.py:538} INFO - Filling up the DagBag from /opt/airflow/dags/etl_pipeline.py
[2026-05-09T00:59:45.019+0000] {processor.py:840} INFO - DAG(s) 'etl_pipeline' retrieved from /opt/airflow/dags/etl_pipeline.py
[2026-05-09T00:59:45.033+0000] {logging_mixin.py:188} INFO - [2026-05-09T00:59:45.033+0000] {dag.py:3036} INFO - Sync 1 DAGs
[2026-05-09T00:59:45.042+0000] {logging_mixin.py:188} INFO - [2026-05-09T00:59:45.041+0000] {dag.py:3823} INFO - Setting next_dagrun for etl_pipeline to 2026-05-08 03:00:00+00:00, run_after=2026-05-09 03:00:00+00:00
[2026-05-09T00:59:45.050+0000] {processor.py:183} INFO - Processing /opt/airflow/dags/etl_pipeline.py took 0.142 seconds
[2026-05-09T01:49:53.014+0000] {processor.py:161} INFO - Started process (PID=519) to work on /opt/airflow/dags/etl_pipeline.py
[2026-05-09T01:49:53.015+0000] {processor.py:830} INFO - Processing file /opt/airflow/dags/etl_pipeline.py for tasks to queue
[2026-05-09T01:49:53.017+0000] {logging_mixin.py:188} INFO - [2026-05-09T01:49:53.016+0000] {dagbag.py:538} INFO - Filling up the DagBag from /opt/airflow/dags/etl_pipeline.py
[2026-05-09T01:49:53.142+0000] {processor.py:840} INFO - DAG(s) 'etl_pipeline' retrieved from /opt/airflow/dags/etl_pipeline.py
[2026-05-09T01:49:53.155+0000] {logging_mixin.py:188} INFO - [2026-05-09T01:49:53.155+0000] {dag.py:3036} INFO - Sync 1 DAGs
[2026-05-09T01:49:53.162+0000] {logging_mixin.py:188} INFO - [2026-05-09T01:49:53.162+0000] {dag.py:3823} INFO - Setting next_dagrun for etl_pipeline to 2026-05-08 03:00:00+00:00, run_after=2026-05-09 03:00:00+00:00
[2026-05-09T01:49:53.169+0000] {processor.py:183} INFO - Processing /opt/airflow/dags/etl_pipeline.py took 0.157 seconds
[2026-05-09T01:50:23.397+0000] {processor.py:161} INFO - Started process (PID=525) to work on /opt/airflow/dags/etl_pipeline.py
[2026-05-09T01:50:23.397+0000] {processor.py:830} INFO - Processing file /opt/airflow/dags/etl_pipeline.py for tasks to queue
[2026-05-09T01:50:23.398+0000] {logging_mixin.py:188} INFO - [2026-05-09T01:50:23.398+0000] {dagbag.py:538} INFO - Filling up the DagBag from /opt/airflow/dags/etl_pipeline.py
[2026-05-09T01:50:23.504+0000] {processor.py:840} INFO - DAG(s) 'etl_pipeline' retrieved from /opt/airflow/dags/etl_pipeline.py
[2026-05-09T01:50:23.513+0000] {logging_mixin.py:188} INFO - [2026-05-09T01:50:23.513+0000] {dag.py:3036} INFO - Sync 1 DAGs
[2026-05-09T01:50:23.521+0000] {logging_mixin.py:188} INFO - [2026-05-09T01:50:23.521+0000] {dag.py:3823} INFO - Setting next_dagrun for etl_pipeline to 2026-05-08 03:00:00+00:00, run_after=2026-05-09 03:00:00+00:00
[2026-05-09T01:50:23.584+0000] {processor.py:183} INFO - Processing /opt/airflow/dags/etl_pipeline.py took 0.190 seconds
[2026-05-09T02:24:21.650+0000] {processor.py:161} INFO - Started process (PID=533) to work on /opt/airflow/dags/etl_pipeline.py
[2026-05-09T02:24:21.651+0000] {processor.py:830} INFO - Processing file /opt/airflow/dags/etl_pipeline.py for tasks to queue
[2026-05-09T02:24:21.651+0000] {logging_mixin.py:188} INFO - [2026-05-09T02:24:21.651+0000] {dagbag.py:538} INFO - Filling up the DagBag from /opt/airflow/dags/etl_pipeline.py
[2026-05-09T02:24:21.740+0000] {processor.py:840} INFO - DAG(s) 'etl_pipeline' retrieved from /opt/airflow/dags/etl_pipeline.py
[2026-05-09T02:24:21.752+0000] {logging_mixin.py:188} INFO - [2026-05-09T02:24:21.752+0000] {dag.py:3036} INFO - Sync 1 DAGs
[2026-05-09T02:24:21.763+0000] {logging_mixin.py:188} INFO - [2026-05-09T02:24:21.763+0000] {dag.py:3823} INFO - Setting next_dagrun for etl_pipeline to 2026-05-08 03:00:00+00:00, run_after=2026-05-09 03:00:00+00:00
[2026-05-09T02:24:21.770+0000] {processor.py:183} INFO - Processing /opt/airflow/dags/etl_pipeline.py took 0.121 seconds
[2026-05-09T02:39:54.961+0000] {processor.py:161} INFO - Started process (PID=539) to work on /opt/airflow/dags/etl_pipeline.py
[2026-05-09T02:39:54.962+0000] {processor.py:830} INFO - Processing file /opt/airflow/dags/etl_pipeline.py for tasks to queue
[2026-05-09T02:39:54.962+0000] {logging_mixin.py:188} INFO - [2026-05-09T02:39:54.962+0000] {dagbag.py:538} INFO - Filling up the DagBag from /opt/airflow/dags/etl_pipeline.py
[2026-05-09T02:39:55.064+0000] {processor.py:840} INFO - DAG(s) 'etl_pipeline' retrieved from /opt/airflow/dags/etl_pipeline.py
[2026-05-09T02:39:55.074+0000] {logging_mixin.py:188} INFO - [2026-05-09T02:39:55.074+0000] {dag.py:3036} INFO - Sync 1 DAGs
[2026-05-09T02:39:55.082+0000] {logging_mixin.py:188} INFO - [2026-05-09T02:39:55.082+0000] {dag.py:3823} INFO - Setting next_dagrun for etl_pipeline to 2026-05-08 03:00:00+00:00, run_after=2026-05-09 03:00:00+00:00
[2026-05-09T02:39:55.087+0000] {processor.py:183} INFO - Processing /opt/airflow/dags/etl_pipeline.py took 0.129 seconds
[2026-05-09T02:55:59.926+0000] {processor.py:161} INFO - Started process (PID=545) to work on /opt/airflow/dags/etl_pipeline.py
[2026-05-09T02:55:59.927+0000] {processor.py:830} INFO - Processing file /opt/airflow/dags/etl_pipeline.py for tasks to queue
[2026-05-09T02:55:59.927+0000] {logging_mixin.py:188} INFO - [2026-05-09T02:55:59.927+0000] {dagbag.py:538} INFO - Filling up the DagBag from /opt/airflow/dags/etl_pipeline.py
[2026-05-09T02:56:00.024+0000] {processor.py:840} INFO - DAG(s) 'etl_pipeline' retrieved from /opt/airflow/dags/etl_pipeline.py
[2026-05-09T02:56:00.034+0000] {logging_mixin.py:188} INFO - [2026-05-09T02:56:00.034+0000] {dag.py:3036} INFO - Sync 1 DAGs
[2026-05-09T02:56:00.041+0000] {logging_mixin.py:188} INFO - [2026-05-09T02:56:00.041+0000] {dag.py:3823} INFO - Setting next_dagrun for etl_pipeline to 2026-05-08 03:00:00+00:00, run_after=2026-05-09 03:00:00+00:00
[2026-05-09T02:56:00.047+0000] {processor.py:183} INFO - Processing /opt/airflow/dags/etl_pipeline.py took 0.122 seconds
[2026-05-09T03:12:52.692+0000] {processor.py:161} INFO - Started process (PID=556) to work on /opt/airflow/dags/etl_pipeline.py
[2026-05-09T03:12:52.692+0000] {processor.py:830} INFO - Processing file /opt/airflow/dags/etl_pipeline.py for tasks to queue
[2026-05-09T03:12:52.693+0000] {logging_mixin.py:188} INFO - [2026-05-09T03:12:52.693+0000] {dagbag.py:538} INFO - Filling up the DagBag from /opt/airflow/dags/etl_pipeline.py
[2026-05-09T03:12:52.790+0000] {processor.py:840} INFO - DAG(s) 'etl_pipeline' retrieved from /opt/airflow/dags/etl_pipeline.py
[2026-05-09T03:12:52.803+0000] {logging_mixin.py:188} INFO - [2026-05-09T03:12:52.802+0000] {dag.py:3036} INFO - Sync 1 DAGs
[2026-05-09T03:12:52.814+0000] {logging_mixin.py:188} INFO - [2026-05-09T03:12:52.814+0000] {dag.py:3823} INFO - Setting next_dagrun for etl_pipeline to 2026-05-09 03:00:00+00:00, run_after=2026-05-10 03:00:00+00:00
[2026-05-09T03:12:52.825+0000] {processor.py:183} INFO - Processing /opt/airflow/dags/etl_pipeline.py took 0.134 seconds
[2026-05-09T03:13:23.080+0000] {processor.py:161} INFO - Started process (PID=562) to work on /opt/airflow/dags/etl_pipeline.py
[2026-05-09T03:13:23.081+0000] {processor.py:830} INFO - Processing file /opt/airflow/dags/etl_pipeline.py for tasks to queue
[2026-05-09T03:13:23.082+0000] {logging_mixin.py:188} INFO - [2026-05-09T03:13:23.081+0000] {dagbag.py:538} INFO - Filling up the DagBag from /opt/airflow/dags/etl_pipeline.py
[2026-05-09T03:13:23.206+0000] {processor.py:840} INFO - DAG(s) 'etl_pipeline' retrieved from /opt/airflow/dags/etl_pipeline.py
[2026-05-09T03:13:23.219+0000] {logging_mixin.py:188} INFO - [2026-05-09T03:13:23.218+0000] {dag.py:3036} INFO - Sync 1 DAGs
[2026-05-09T03:13:23.227+0000] {logging_mixin.py:188} INFO - [2026-05-09T03:13:23.227+0000] {dag.py:3823} INFO - Setting next_dagrun for etl_pipeline to 2026-05-09 03:00:00+00:00, run_after=2026-05-10 03:00:00+00:00
[2026-05-09T03:13:23.234+0000] {processor.py:183} INFO - Processing /opt/airflow/dags/etl_pipeline.py took 0.158 seconds
[2026-05-09T04:01:18.794+0000] {processor.py:161} INFO - Started process (PID=568) to work on /opt/airflow/dags/etl_pipeline.py
[2026-05-09T04:01:18.795+0000] {processor.py:830} INFO - Processing file /opt/airflow/dags/etl_pipeline.py for tasks to queue
[2026-05-09T04:01:18.795+0000] {logging_mixin.py:188} INFO - [2026-05-09T04:01:18.795+0000] {dagbag.py:538} INFO - Filling up the DagBag from /opt/airflow/dags/etl_pipeline.py
[2026-05-09T04:01:18.893+0000] {processor.py:840} INFO - DAG(s) 'etl_pipeline' retrieved from /opt/airflow/dags/etl_pipeline.py
[2026-05-09T04:01:18.902+0000] {logging_mixin.py:188} INFO - [2026-05-09T04:01:18.902+0000] {dag.py:3036} INFO - Sync 1 DAGs
[2026-05-09T04:01:18.910+0000] {logging_mixin.py:188} INFO - [2026-05-09T04:01:18.910+0000] {dag.py:3823} INFO - Setting next_dagrun for etl_pipeline to 2026-05-09 03:00:00+00:00, run_after=2026-05-10 03:00:00+00:00
[2026-05-09T04:01:18.916+0000] {processor.py:183} INFO - Processing /opt/airflow/dags/etl_pipeline.py took 0.125 seconds
[2026-05-09T05:10:41.142+0000] {processor.py:161} INFO - Started process (PID=574) to work on /opt/airflow/dags/etl_pipeline.py
[2026-05-09T05:10:41.142+0000] {processor.py:830} INFO - Processing file /opt/airflow/dags/etl_pipeline.py for tasks to queue
[2026-05-09T05:10:41.143+0000] {logging_mixin.py:188} INFO - [2026-05-09T05:10:41.143+0000] {dagbag.py:538} INFO - Filling up the DagBag from /opt/airflow/dags/etl_pipeline.py
[2026-05-09T05:10:41.258+0000] {processor.py:840} INFO - DAG(s) 'etl_pipeline' retrieved from /opt/airflow/dags/etl_pipeline.py
[2026-05-09T05:10:41.270+0000] {logging_mixin.py:188} INFO - [2026-05-09T05:10:41.270+0000] {dag.py:3036} INFO - Sync 1 DAGs
[2026-05-09T05:10:41.279+0000] {logging_mixin.py:188} INFO - [2026-05-09T05:10:41.279+0000] {dag.py:3823} INFO - Setting next_dagrun for etl_pipeline to 2026-05-09 03:00:00+00:00, run_after=2026-05-10 03:00:00+00:00
[2026-05-09T05:10:41.287+0000] {processor.py:183} INFO - Processing /opt/airflow/dags/etl_pipeline.py took 0.147 seconds
[2026-05-09T05:11:11.457+0000] {processor.py:161} INFO - Started process (PID=580) to work on /opt/airflow/dags/etl_pipeline.py
[2026-05-09T05:11:11.458+0000] {processor.py:830} INFO - Processing file /opt/airflow/dags/etl_pipeline.py for tasks to queue
[2026-05-09T05:11:11.459+0000] {logging_mixin.py:188} INFO - [2026-05-09T05:11:11.459+0000] {dagbag.py:538} INFO - Filling up the DagBag from /opt/airflow/dags/etl_pipeline.py
[2026-05-09T05:11:11.566+0000] {processor.py:840} INFO - DAG(s) 'etl_pipeline' retrieved from /opt/airflow/dags/etl_pipeline.py
[2026-05-09T05:11:11.576+0000] {logging_mixin.py:188} INFO - [2026-05-09T05:11:11.576+0000] {dag.py:3036} INFO - Sync 1 DAGs
[2026-05-09T05:11:11.583+0000] {logging_mixin.py:188} INFO - [2026-05-09T05:11:11.583+0000] {dag.py:3823} INFO - Setting next_dagrun for etl_pipeline to 2026-05-09 03:00:00+00:00, run_after=2026-05-10 03:00:00+00:00
[2026-05-09T05:11:11.589+0000] {processor.py:183} INFO - Processing /opt/airflow/dags/etl_pipeline.py took 0.135 seconds
[2026-05-09T06:17:56.666+0000] {processor.py:161} INFO - Started process (PID=586) to work on /opt/airflow/dags/etl_pipeline.py
[2026-05-09T06:17:56.667+0000] {processor.py:830} INFO - Processing file /opt/airflow/dags/etl_pipeline.py for tasks to queue
[2026-05-09T06:17:56.667+0000] {logging_mixin.py:188} INFO - [2026-05-09T06:17:56.667+0000] {dagbag.py:538} INFO - Filling up the DagBag from /opt/airflow/dags/etl_pipeline.py
[2026-05-09T06:17:56.777+0000] {processor.py:840} INFO - DAG(s) 'etl_pipeline' retrieved from /opt/airflow/dags/etl_pipeline.py
[2026-05-09T06:17:56.789+0000] {logging_mixin.py:188} INFO - [2026-05-09T06:17:56.788+0000] {dag.py:3036} INFO - Sync 1 DAGs
[2026-05-09T06:17:56.797+0000] {logging_mixin.py:188} INFO - [2026-05-09T06:17:56.797+0000] {dag.py:3823} INFO - Setting next_dagrun for etl_pipeline to 2026-05-09 03:00:00+00:00, run_after=2026-05-10 03:00:00+00:00
[2026-05-09T06:17:56.804+0000] {processor.py:183} INFO - Processing /opt/airflow/dags/etl_pipeline.py took 0.141 seconds
[2026-05-09T06:51:25.454+0000] {processor.py:161} INFO - Started process (PID=592) to work on /opt/airflow/dags/etl_pipeline.py
[2026-05-09T06:51:25.455+0000] {processor.py:830} INFO - Processing file /opt/airflow/dags/etl_pipeline.py for tasks to queue
[2026-05-09T06:51:25.455+0000] {logging_mixin.py:188} INFO - [2026-05-09T06:51:25.455+0000] {dagbag.py:538} INFO - Filling up the DagBag from /opt/airflow/dags/etl_pipeline.py
[2026-05-09T06:51:25.583+0000] {processor.py:840} INFO - DAG(s) 'etl_pipeline' retrieved from /opt/airflow/dags/etl_pipeline.py
[2026-05-09T06:51:25.598+0000] {logging_mixin.py:188} INFO - [2026-05-09T06:51:25.597+0000] {dag.py:3036} INFO - Sync 1 DAGs
[2026-05-09T06:51:25.607+0000] {logging_mixin.py:188} INFO - [2026-05-09T06:51:25.607+0000] {dag.py:3823} INFO - Setting next_dagrun for etl_pipeline to 2026-05-09 03:00:00+00:00, run_after=2026-05-10 03:00:00+00:00
[2026-05-09T06:51:25.614+0000] {processor.py:183} INFO - Processing /opt/airflow/dags/etl_pipeline.py took 0.163 seconds
[2026-05-09T06:51:56.530+0000] {processor.py:161} INFO - Started process (PID=598) to work on /opt/airflow/dags/etl_pipeline.py
[2026-05-09T06:51:56.531+0000] {processor.py:830} INFO - Processing file /opt/airflow/dags/etl_pipeline.py for tasks to queue
[2026-05-09T06:51:56.532+0000] {logging_mixin.py:188} INFO - [2026-05-09T06:51:56.532+0000] {dagbag.py:538} INFO - Filling up the DagBag from /opt/airflow/dags/etl_pipeline.py
[2026-05-09T06:51:56.642+0000] {processor.py:840} INFO - DAG(s) 'etl_pipeline' retrieved from /opt/airflow/dags/etl_pipeline.py
[2026-05-09T06:51:56.651+0000] {logging_mixin.py:188} INFO - [2026-05-09T06:51:56.651+0000] {dag.py:3036} INFO - Sync 1 DAGs
[2026-05-09T06:51:56.659+0000] {logging_mixin.py:188} INFO - [2026-05-09T06:51:56.659+0000] {dag.py:3823} INFO - Setting next_dagrun for etl_pipeline to 2026-05-09 03:00:00+00:00, run_after=2026-05-10 03:00:00+00:00
[2026-05-09T06:51:56.725+0000] {processor.py:183} INFO - Processing /opt/airflow/dags/etl_pipeline.py took 0.197 seconds
[2026-05-09T07:24:29.760+0000] {processor.py:161} INFO - Started process (PID=606) to work on /opt/airflow/dags/etl_pipeline.py
[2026-05-09T07:24:29.761+0000] {processor.py:830} INFO - Processing file /opt/airflow/dags/etl_pipeline.py for tasks to queue
[2026-05-09T07:24:29.761+0000] {logging_mixin.py:188} INFO - [2026-05-09T07:24:29.761+0000] {dagbag.py:538} INFO - Filling up the DagBag from /opt/airflow/dags/etl_pipeline.py
[2026-05-09T07:24:29.864+0000] {processor.py:840} INFO - DAG(s) 'etl_pipeline' retrieved from /opt/airflow/dags/etl_pipeline.py
[2026-05-09T07:24:29.877+0000] {logging_mixin.py:188} INFO - [2026-05-09T07:24:29.877+0000] {dag.py:3036} INFO - Sync 1 DAGs
[2026-05-09T07:24:29.886+0000] {logging_mixin.py:188} INFO - [2026-05-09T07:24:29.886+0000] {dag.py:3823} INFO - Setting next_dagrun for etl_pipeline to 2026-05-09 03:00:00+00:00, run_after=2026-05-10 03:00:00+00:00
[2026-05-09T07:24:29.894+0000] {processor.py:183} INFO - Processing /opt/airflow/dags/etl_pipeline.py took 0.136 seconds
[2026-05-09T07:41:37.207+0000] {processor.py:161} INFO - Started process (PID=612) to work on /opt/airflow/dags/etl_pipeline.py
[2026-05-09T07:41:37.208+0000] {processor.py:830} INFO - Processing file /opt/airflow/dags/etl_pipeline.py for tasks to queue
[2026-05-09T07:41:37.209+0000] {logging_mixin.py:188} INFO - [2026-05-09T07:41:37.208+0000] {dagbag.py:538} INFO - Filling up the DagBag from /opt/airflow/dags/etl_pipeline.py
[2026-05-09T07:41:37.309+0000] {processor.py:840} INFO - DAG(s) 'etl_pipeline' retrieved from /opt/airflow/dags/etl_pipeline.py
[2026-05-09T07:41:37.319+0000] {logging_mixin.py:188} INFO - [2026-05-09T07:41:37.319+0000] {dag.py:3036} INFO - Sync 1 DAGs
[2026-05-09T07:41:37.326+0000] {logging_mixin.py:188} INFO - [2026-05-09T07:41:37.326+0000] {dag.py:3823} INFO - Setting next_dagrun for etl_pipeline to 2026-05-09 03:00:00+00:00, run_after=2026-05-10 03:00:00+00:00
[2026-05-09T07:41:37.332+0000] {processor.py:183} INFO - Processing /opt/airflow/dags/etl_pipeline.py took 0.127 seconds
[2026-05-09T07:42:07.620+0000] {processor.py:161} INFO - Started process (PID=618) to work on /opt/airflow/dags/etl_pipeline.py
[2026-05-09T07:42:07.621+0000] {processor.py:830} INFO - Processing file /opt/airflow/dags/etl_pipeline.py for tasks to queue
[2026-05-09T07:42:07.622+0000] {logging_mixin.py:188} INFO - [2026-05-09T07:42:07.622+0000] {dagbag.py:538} INFO - Filling up the DagBag from /opt/airflow/dags/etl_pipeline.py
[2026-05-09T07:42:07.725+0000] {processor.py:840} INFO - DAG(s) 'etl_pipeline' retrieved from /opt/airflow/dags/etl_pipeline.py
[2026-05-09T07:42:07.736+0000] {logging_mixin.py:188} INFO - [2026-05-09T07:42:07.736+0000] {dag.py:3036} INFO - Sync 1 DAGs
[2026-05-09T07:42:07.743+0000] {logging_mixin.py:188} INFO - [2026-05-09T07:42:07.743+0000] {dag.py:3823} INFO - Setting next_dagrun for etl_pipeline to 2026-05-09 03:00:00+00:00, run_after=2026-05-10 03:00:00+00:00
[2026-05-09T07:42:07.749+0000] {processor.py:183} INFO - Processing /opt/airflow/dags/etl_pipeline.py took 0.131 seconds
[2026-05-09T07:55:37.395+0000] {processor.py:161} INFO - Started process (PID=624) to work on /opt/airflow/dags/etl_pipeline.py
[2026-05-09T07:55:37.395+0000] {processor.py:830} INFO - Processing file /opt/airflow/dags/etl_pipeline.py for tasks to queue
[2026-05-09T07:55:37.396+0000] {logging_mixin.py:188} INFO - [2026-05-09T07:55:37.395+0000] {dagbag.py:538} INFO - Filling up the DagBag from /opt/airflow/dags/etl_pipeline.py
[2026-05-09T07:55:37.508+0000] {processor.py:840} INFO - DAG(s) 'etl_pipeline' retrieved from /opt/airflow/dags/etl_pipeline.py
[2026-05-09T07:55:37.519+0000] {logging_mixin.py:188} INFO - [2026-05-09T07:55:37.519+0000] {dag.py:3036} INFO - Sync 1 DAGs
[2026-05-09T07:55:37.527+0000] {logging_mixin.py:188} INFO - [2026-05-09T07:55:37.527+0000] {dag.py:3823} INFO - Setting next_dagrun for etl_pipeline to 2026-05-09 03:00:00+00:00, run_after=2026-05-10 03:00:00+00:00
[2026-05-09T07:55:37.533+0000] {processor.py:183} INFO - Processing /opt/airflow/dags/etl_pipeline.py took 0.140 seconds
[2026-05-09T07:56:07.740+0000] {processor.py:161} INFO - Started process (PID=630) to work on /opt/airflow/dags/etl_pipeline.py
[2026-05-09T07:56:07.741+0000] {processor.py:830} INFO - Processing file /opt/airflow/dags/etl_pipeline.py for tasks to queue
[2026-05-09T07:56:07.741+0000] {logging_mixin.py:188} INFO - [2026-05-09T07:56:07.741+0000] {dagbag.py:538} INFO - Filling up the DagBag from /opt/airflow/dags/etl_pipeline.py
[2026-05-09T07:56:07.847+0000] {processor.py:840} INFO - DAG(s) 'etl_pipeline' retrieved from /opt/airflow/dags/etl_pipeline.py
[2026-05-09T07:56:07.858+0000] {logging_mixin.py:188} INFO - [2026-05-09T07:56:07.858+0000] {dag.py:3036} INFO - Sync 1 DAGs
[2026-05-09T07:56:07.865+0000] {logging_mixin.py:188} INFO - [2026-05-09T07:56:07.865+0000] {dag.py:3823} INFO - Setting next_dagrun for etl_pipeline to 2026-05-09 03:00:00+00:00, run_after=2026-05-10 03:00:00+00:00
[2026-05-09T07:56:07.871+0000] {processor.py:183} INFO - Processing /opt/airflow/dags/etl_pipeline.py took 0.134 seconds
[2026-05-09T08:29:18.702+0000] {processor.py:161} INFO - Started process (PID=636) to work on /opt/airflow/dags/etl_pipeline.py
[2026-05-09T08:29:18.703+0000] {processor.py:830} INFO - Processing file /opt/airflow/dags/etl_pipeline.py for tasks to queue
[2026-05-09T08:29:18.703+0000] {logging_mixin.py:188} INFO - [2026-05-09T08:29:18.703+0000] {dagbag.py:538} INFO - Filling up the DagBag from /opt/airflow/dags/etl_pipeline.py
[2026-05-09T08:29:18.810+0000] {processor.py:840} INFO - DAG(s) 'etl_pipeline' retrieved from /opt/airflow/dags/etl_pipeline.py
[2026-05-09T08:29:18.821+0000] {logging_mixin.py:188} INFO - [2026-05-09T08:29:18.821+0000] {dag.py:3036} INFO - Sync 1 DAGs
[2026-05-09T08:29:18.830+0000] {logging_mixin.py:188} INFO - [2026-05-09T08:29:18.830+0000] {dag.py:3823} INFO - Setting next_dagrun for etl_pipeline to 2026-05-09 03:00:00+00:00, run_after=2026-05-10 03:00:00+00:00
[2026-05-09T08:29:18.901+0000] {processor.py:183} INFO - Processing /opt/airflow/dags/etl_pipeline.py took 0.201 seconds
[2026-05-09T08:46:12.742+0000] {processor.py:161} INFO - Started process (PID=642) to work on /opt/airflow/dags/etl_pipeline.py
[2026-05-09T08:46:12.743+0000] {processor.py:830} INFO - Processing file /opt/airflow/dags/etl_pipeline.py for tasks to queue
[2026-05-09T08:46:12.744+0000] {logging_mixin.py:188} INFO - [2026-05-09T08:46:12.744+0000] {dagbag.py:538} INFO - Filling up the DagBag from /opt/airflow/dags/etl_pipeline.py
[2026-05-09T08:46:12.863+0000] {processor.py:840} INFO - DAG(s) 'etl_pipeline' retrieved from /opt/airflow/dags/etl_pipeline.py
[2026-05-09T08:46:12.876+0000] {logging_mixin.py:188} INFO - [2026-05-09T08:46:12.876+0000] {dag.py:3036} INFO - Sync 1 DAGs
[2026-05-09T08:46:12.884+0000] {logging_mixin.py:188} INFO - [2026-05-09T08:46:12.884+0000] {dag.py:3823} INFO - Setting next_dagrun for etl_pipeline to 2026-05-09 03:00:00+00:00, run_after=2026-05-10 03:00:00+00:00
[2026-05-09T08:46:12.891+0000] {processor.py:183} INFO - Processing /opt/airflow/dags/etl_pipeline.py took 0.152 seconds
[2026-05-09T08:46:43.090+0000] {processor.py:161} INFO - Started process (PID=648) to work on /opt/airflow/dags/etl_pipeline.py
[2026-05-09T08:46:43.091+0000] {processor.py:830} INFO - Processing file /opt/airflow/dags/etl_pipeline.py for tasks to queue
[2026-05-09T08:46:43.091+0000] {logging_mixin.py:188} INFO - [2026-05-09T08:46:43.091+0000] {dagbag.py:538} INFO - Filling up the DagBag from /opt/airflow/dags/etl_pipeline.py
[2026-05-09T08:46:43.193+0000] {processor.py:840} INFO - DAG(s) 'etl_pipeline' retrieved from /opt/airflow/dags/etl_pipeline.py
[2026-05-09T08:46:43.203+0000] {logging_mixin.py:188} INFO - [2026-05-09T08:46:43.203+0000] {dag.py:3036} INFO - Sync 1 DAGs
[2026-05-09T08:46:43.212+0000] {logging_mixin.py:188} INFO - [2026-05-09T08:46:43.211+0000] {dag.py:3823} INFO - Setting next_dagrun for etl_pipeline to 2026-05-09 03:00:00+00:00, run_after=2026-05-10 03:00:00+00:00
[2026-05-09T08:46:43.218+0000] {processor.py:183} INFO - Processing /opt/airflow/dags/etl_pipeline.py took 0.130 seconds
[2026-05-09T09:09:45.810+0000] {processor.py:161} INFO - Started process (PID=656) to work on /opt/airflow/dags/etl_pipeline.py
[2026-05-09T09:09:45.811+0000] {processor.py:830} INFO - Processing file /opt/airflow/dags/etl_pipeline.py for tasks to queue
[2026-05-09T09:09:45.811+0000] {logging_mixin.py:188} INFO - [2026-05-09T09:09:45.811+0000] {dagbag.py:538} INFO - Filling up the DagBag from /opt/airflow/dags/etl_pipeline.py
[2026-05-09T09:09:45.923+0000] {processor.py:840} INFO - DAG(s) 'etl_pipeline' retrieved from /opt/airflow/dags/etl_pipeline.py
[2026-05-09T09:09:45.935+0000] {logging_mixin.py:188} INFO - [2026-05-09T09:09:45.935+0000] {dag.py:3036} INFO - Sync 1 DAGs
[2026-05-09T09:09:45.944+0000] {logging_mixin.py:188} INFO - [2026-05-09T09:09:45.944+0000] {dag.py:3823} INFO - Setting next_dagrun for etl_pipeline to 2026-05-09 03:00:00+00:00, run_after=2026-05-10 03:00:00+00:00
[2026-05-09T09:09:45.953+0000] {processor.py:183} INFO - Processing /opt/airflow/dags/etl_pipeline.py took 0.144 seconds
[2026-05-09T09:25:31.081+0000] {processor.py:161} INFO - Started process (PID=662) to work on /opt/airflow/dags/etl_pipeline.py
[2026-05-09T09:25:31.082+0000] {processor.py:830} INFO - Processing file /opt/airflow/dags/etl_pipeline.py for tasks to queue
[2026-05-09T09:25:31.082+0000] {logging_mixin.py:188} INFO - [2026-05-09T09:25:31.082+0000] {dagbag.py:538} INFO - Filling up the DagBag from /opt/airflow/dags/etl_pipeline.py
[2026-05-09T09:25:31.194+0000] {processor.py:840} INFO - DAG(s) 'etl_pipeline' retrieved from /opt/airflow/dags/etl_pipeline.py
[2026-05-09T09:25:31.207+0000] {logging_mixin.py:188} INFO - [2026-05-09T09:25:31.207+0000] {dag.py:3036} INFO - Sync 1 DAGs
[2026-05-09T09:25:31.216+0000] {logging_mixin.py:188} INFO - [2026-05-09T09:25:31.216+0000] {dag.py:3823} INFO - Setting next_dagrun for etl_pipeline to 2026-05-09 03:00:00+00:00, run_after=2026-05-10 03:00:00+00:00
[2026-05-09T09:25:31.224+0000] {processor.py:183} INFO - Processing /opt/airflow/dags/etl_pipeline.py took 0.145 seconds
[2026-05-09T09:42:31.139+0000] {processor.py:161} INFO - Started process (PID=668) to work on /opt/airflow/dags/etl_pipeline.py
[2026-05-09T09:42:31.140+0000] {processor.py:830} INFO - Processing file /opt/airflow/dags/etl_pipeline.py for tasks to queue
[2026-05-09T09:42:31.141+0000] {logging_mixin.py:188} INFO - [2026-05-09T09:42:31.141+0000] {dagbag.py:538} INFO - Filling up the DagBag from /opt/airflow/dags/etl_pipeline.py
[2026-05-09T09:42:31.241+0000] {processor.py:840} INFO - DAG(s) 'etl_pipeline' retrieved from /opt/airflow/dags/etl_pipeline.py
[2026-05-09T09:42:31.255+0000] {logging_mixin.py:188} INFO - [2026-05-09T09:42:31.254+0000] {dag.py:3036} INFO - Sync 1 DAGs
[2026-05-09T09:42:31.264+0000] {logging_mixin.py:188} INFO - [2026-05-09T09:42:31.264+0000] {dag.py:3823} INFO - Setting next_dagrun for etl_pipeline to 2026-05-09 03:00:00+00:00, run_after=2026-05-10 03:00:00+00:00
[2026-05-09T09:42:31.359+0000] {processor.py:183} INFO - Processing /opt/airflow/dags/etl_pipeline.py took 0.222 seconds
[2026-05-09T10:10:45.064+0000] {processor.py:161} INFO - Started process (PID=674) to work on /opt/airflow/dags/etl_pipeline.py
[2026-05-09T10:10:45.065+0000] {processor.py:830} INFO - Processing file /opt/airflow/dags/etl_pipeline.py for tasks to queue
[2026-05-09T10:10:45.065+0000] {logging_mixin.py:188} INFO - [2026-05-09T10:10:45.065+0000] {dagbag.py:538} INFO - Filling up the DagBag from /opt/airflow/dags/etl_pipeline.py
[2026-05-09T10:10:45.175+0000] {processor.py:840} INFO - DAG(s) 'etl_pipeline' retrieved from /opt/airflow/dags/etl_pipeline.py
[2026-05-09T10:10:45.186+0000] {logging_mixin.py:188} INFO - [2026-05-09T10:10:45.186+0000] {dag.py:3036} INFO - Sync 1 DAGs
[2026-05-09T10:10:45.194+0000] {logging_mixin.py:188} INFO - [2026-05-09T10:10:45.194+0000] {dag.py:3823} INFO - Setting next_dagrun for etl_pipeline to 2026-05-09 03:00:00+00:00, run_after=2026-05-10 03:00:00+00:00
[2026-05-09T10:10:45.201+0000] {processor.py:183} INFO - Processing /opt/airflow/dags/etl_pipeline.py took 0.139 seconds
[2026-05-09T10:26:18.420+0000] {processor.py:161} INFO - Started process (PID=680) to work on /opt/airflow/dags/etl_pipeline.py
[2026-05-09T10:26:18.420+0000] {processor.py:830} INFO - Processing file /opt/airflow/dags/etl_pipeline.py for tasks to queue
[2026-05-09T10:26:18.421+0000] {logging_mixin.py:188} INFO - [2026-05-09T10:26:18.421+0000] {dagbag.py:538} INFO - Filling up the DagBag from /opt/airflow/dags/etl_pipeline.py
[2026-05-09T10:26:18.524+0000] {processor.py:840} INFO - DAG(s) 'etl_pipeline' retrieved from /opt/airflow/dags/etl_pipeline.py
[2026-05-09T10:26:18.535+0000] {logging_mixin.py:188} INFO - [2026-05-09T10:26:18.535+0000] {dag.py:3036} INFO - Sync 1 DAGs
[2026-05-09T10:26:18.544+0000] {logging_mixin.py:188} INFO - [2026-05-09T10:26:18.544+0000] {dag.py:3823} INFO - Setting next_dagrun for etl_pipeline to 2026-05-09 03:00:00+00:00, run_after=2026-05-10 03:00:00+00:00
[2026-05-09T10:26:18.552+0000] {processor.py:183} INFO - Processing /opt/airflow/dags/etl_pipeline.py took 0.134 seconds
[2026-05-09T10:26:49.517+0000] {processor.py:161} INFO - Started process (PID=686) to work on /opt/airflow/dags/etl_pipeline.py
[2026-05-09T10:26:49.518+0000] {processor.py:830} INFO - Processing file /opt/airflow/dags/etl_pipeline.py for tasks to queue
[2026-05-09T10:26:49.519+0000] {logging_mixin.py:188} INFO - [2026-05-09T10:26:49.519+0000] {dagbag.py:538} INFO - Filling up the DagBag from /opt/airflow/dags/etl_pipeline.py
[2026-05-09T10:26:49.629+0000] {processor.py:840} INFO - DAG(s) 'etl_pipeline' retrieved from /opt/airflow/dags/etl_pipeline.py
[2026-05-09T10:26:49.639+0000] {logging_mixin.py:188} INFO - [2026-05-09T10:26:49.638+0000] {dag.py:3036} INFO - Sync 1 DAGs
[2026-05-09T10:26:49.646+0000] {logging_mixin.py:188} INFO - [2026-05-09T10:26:49.646+0000] {dag.py:3823} INFO - Setting next_dagrun for etl_pipeline to 2026-05-09 03:00:00+00:00, run_after=2026-05-10 03:00:00+00:00
[2026-05-09T10:26:49.652+0000] {processor.py:183} INFO - Processing /opt/airflow/dags/etl_pipeline.py took 0.138 seconds
[2026-05-09T10:43:30.886+0000] {processor.py:161} INFO - Started process (PID=693) to work on /opt/airflow/dags/etl_pipeline.py
[2026-05-09T10:43:30.886+0000] {processor.py:830} INFO - Processing file /opt/airflow/dags/etl_pipeline.py for tasks to queue
[2026-05-09T10:43:30.887+0000] {logging_mixin.py:188} INFO - [2026-05-09T10:43:30.887+0000] {dagbag.py:538} INFO - Filling up the DagBag from /opt/airflow/dags/etl_pipeline.py
[2026-05-09T10:43:31.008+0000] {processor.py:840} INFO - DAG(s) 'etl_pipeline' retrieved from /opt/airflow/dags/etl_pipeline.py
[2026-05-09T10:43:31.020+0000] {logging_mixin.py:188} INFO - [2026-05-09T10:43:31.020+0000] {dag.py:3036} INFO - Sync 1 DAGs
[2026-05-09T10:43:31.028+0000] {logging_mixin.py:188} INFO - [2026-05-09T10:43:31.028+0000] {dag.py:3823} INFO - Setting next_dagrun for etl_pipeline to 2026-05-09 03:00:00+00:00, run_after=2026-05-10 03:00:00+00:00
[2026-05-09T10:43:31.035+0000] {processor.py:183} INFO - Processing /opt/airflow/dags/etl_pipeline.py took 0.151 seconds
[2026-05-09T11:11:30.814+0000] {processor.py:161} INFO - Started process (PID=700) to work on /opt/airflow/dags/etl_pipeline.py
[2026-05-09T11:11:30.815+0000] {processor.py:830} INFO - Processing file /opt/airflow/dags/etl_pipeline.py for tasks to queue
[2026-05-09T11:11:30.815+0000] {logging_mixin.py:188} INFO - [2026-05-09T11:11:30.815+0000] {dagbag.py:538} INFO - Filling up the DagBag from /opt/airflow/dags/etl_pipeline.py
[2026-05-09T11:11:30.928+0000] {processor.py:840} INFO - DAG(s) 'etl_pipeline' retrieved from /opt/airflow/dags/etl_pipeline.py
[2026-05-09T11:11:30.941+0000] {logging_mixin.py:188} INFO - [2026-05-09T11:11:30.941+0000] {dag.py:3036} INFO - Sync 1 DAGs
[2026-05-09T11:11:30.951+0000] {logging_mixin.py:188} INFO - [2026-05-09T11:11:30.951+0000] {dag.py:3823} INFO - Setting next_dagrun for etl_pipeline to 2026-05-09 03:00:00+00:00, run_after=2026-05-10 03:00:00+00:00
[2026-05-09T11:11:31.021+0000] {processor.py:183} INFO - Processing /opt/airflow/dags/etl_pipeline.py took 0.209 seconds
[2026-05-09T11:44:47.269+0000] {processor.py:161} INFO - Started process (PID=706) to work on /opt/airflow/dags/etl_pipeline.py
[2026-05-09T11:44:47.270+0000] {processor.py:830} INFO - Processing file /opt/airflow/dags/etl_pipeline.py for tasks to queue
[2026-05-09T11:44:47.270+0000] {logging_mixin.py:188} INFO - [2026-05-09T11:44:47.270+0000] {dagbag.py:538} INFO - Filling up the DagBag from /opt/airflow/dags/etl_pipeline.py
[2026-05-09T11:44:47.367+0000] {processor.py:840} INFO - DAG(s) 'etl_pipeline' retrieved from /opt/airflow/dags/etl_pipeline.py
[2026-05-09T11:44:47.379+0000] {logging_mixin.py:188} INFO - [2026-05-09T11:44:47.379+0000] {dag.py:3036} INFO - Sync 1 DAGs
[2026-05-09T11:44:47.391+0000] {logging_mixin.py:188} INFO - [2026-05-09T11:44:47.390+0000] {dag.py:3823} INFO - Setting next_dagrun for etl_pipeline to 2026-05-09 03:00:00+00:00, run_after=2026-05-10 03:00:00+00:00
[2026-05-09T11:44:47.398+0000] {processor.py:183} INFO - Processing /opt/airflow/dags/etl_pipeline.py took 0.131 seconds
[2026-05-09T12:12:29.042+0000] {processor.py:161} INFO - Started process (PID=713) to work on /opt/airflow/dags/etl_pipeline.py
[2026-05-09T12:12:29.042+0000] {processor.py:830} INFO - Processing file /opt/airflow/dags/etl_pipeline.py for tasks to queue
[2026-05-09T12:12:29.043+0000] {logging_mixin.py:188} INFO - [2026-05-09T12:12:29.043+0000] {dagbag.py:538} INFO - Filling up the DagBag from /opt/airflow/dags/etl_pipeline.py
[2026-05-09T12:12:29.152+0000] {processor.py:840} INFO - DAG(s) 'etl_pipeline' retrieved from /opt/airflow/dags/etl_pipeline.py
[2026-05-09T12:12:29.165+0000] {logging_mixin.py:188} INFO - [2026-05-09T12:12:29.164+0000] {dag.py:3036} INFO - Sync 1 DAGs
[2026-05-09T12:12:29.175+0000] {logging_mixin.py:188} INFO - [2026-05-09T12:12:29.174+0000] {dag.py:3823} INFO - Setting next_dagrun for etl_pipeline to 2026-05-09 03:00:00+00:00, run_after=2026-05-10 03:00:00+00:00
[2026-05-09T12:12:29.182+0000] {processor.py:183} INFO - Processing /opt/airflow/dags/etl_pipeline.py took 0.143 seconds
[2026-05-09T12:45:19.249+0000] {processor.py:161} INFO - Started process (PID=719) to work on /opt/airflow/dags/etl_pipeline.py
[2026-05-09T12:45:19.250+0000] {processor.py:830} INFO - Processing file /opt/airflow/dags/etl_pipeline.py for tasks to queue
[2026-05-09T12:45:19.250+0000] {logging_mixin.py:188} INFO - [2026-05-09T12:45:19.250+0000] {dagbag.py:538} INFO - Filling up the DagBag from /opt/airflow/dags/etl_pipeline.py
[2026-05-09T12:45:19.369+0000] {processor.py:840} INFO - DAG(s) 'etl_pipeline' retrieved from /opt/airflow/dags/etl_pipeline.py
[2026-05-09T12:45:19.383+0000] {logging_mixin.py:188} INFO - [2026-05-09T12:45:19.383+0000] {dag.py:3036} INFO - Sync 1 DAGs
[2026-05-09T12:45:19.392+0000] {logging_mixin.py:188} INFO - [2026-05-09T12:45:19.392+0000] {dag.py:3823} INFO - Setting next_dagrun for etl_pipeline to 2026-05-09 03:00:00+00:00, run_after=2026-05-10 03:00:00+00:00
[2026-05-09T12:45:19.399+0000] {processor.py:183} INFO - Processing /opt/airflow/dags/etl_pipeline.py took 0.152 seconds
[2026-05-09T13:13:30.019+0000] {processor.py:161} INFO - Started process (PID=725) to work on /opt/airflow/dags/etl_pipeline.py
[2026-05-09T13:13:30.020+0000] {processor.py:830} INFO - Processing file /opt/airflow/dags/etl_pipeline.py for tasks to queue
[2026-05-09T13:13:30.020+0000] {logging_mixin.py:188} INFO - [2026-05-09T13:13:30.020+0000] {dagbag.py:538} INFO - Filling up the DagBag from /opt/airflow/dags/etl_pipeline.py
[2026-05-09T13:13:30.209+0000] {processor.py:840} INFO - DAG(s) 'etl_pipeline' retrieved from /opt/airflow/dags/etl_pipeline.py
[2026-05-09T13:13:30.242+0000] {logging_mixin.py:188} INFO - [2026-05-09T13:13:30.242+0000] {dag.py:3036} INFO - Sync 1 DAGs
[2026-05-09T13:13:30.258+0000] {logging_mixin.py:188} INFO - [2026-05-09T13:13:30.258+0000] {dag.py:3823} INFO - Setting next_dagrun for etl_pipeline to 2026-05-09 03:00:00+00:00, run_after=2026-05-10 03:00:00+00:00
[2026-05-09T13:13:30.283+0000] {processor.py:183} INFO - Processing /opt/airflow/dags/etl_pipeline.py took 0.265 seconds
[2026-05-09T13:14:00.432+0000] {processor.py:161} INFO - Started process (PID=731) to work on /opt/airflow/dags/etl_pipeline.py
[2026-05-09T13:14:00.433+0000] {processor.py:830} INFO - Processing file /opt/airflow/dags/etl_pipeline.py for tasks to queue
[2026-05-09T13:14:00.433+0000] {logging_mixin.py:188} INFO - [2026-05-09T13:14:00.433+0000] {dagbag.py:538} INFO - Filling up the DagBag from /opt/airflow/dags/etl_pipeline.py
[2026-05-09T13:14:00.536+0000] {processor.py:840} INFO - DAG(s) 'etl_pipeline' retrieved from /opt/airflow/dags/etl_pipeline.py
[2026-05-09T13:14:00.546+0000] {logging_mixin.py:188} INFO - [2026-05-09T13:14:00.545+0000] {dag.py:3036} INFO - Sync 1 DAGs
[2026-05-09T13:14:00.553+0000] {logging_mixin.py:188} INFO - [2026-05-09T13:14:00.553+0000] {dag.py:3823} INFO - Setting next_dagrun for etl_pipeline to 2026-05-09 03:00:00+00:00, run_after=2026-05-10 03:00:00+00:00
[2026-05-09T13:14:00.560+0000] {processor.py:183} INFO - Processing /opt/airflow/dags/etl_pipeline.py took 0.130 seconds
[2026-05-09T14:01:38.222+0000] {processor.py:161} INFO - Started process (PID=738) to work on /opt/airflow/dags/etl_pipeline.py
[2026-05-09T14:01:38.223+0000] {processor.py:830} INFO - Processing file /opt/airflow/dags/etl_pipeline.py for tasks to queue
[2026-05-09T14:01:38.224+0000] {logging_mixin.py:188} INFO - [2026-05-09T14:01:38.224+0000] {dagbag.py:538} INFO - Filling up the DagBag from /opt/airflow/dags/etl_pipeline.py
[2026-05-09T14:01:38.324+0000] {processor.py:840} INFO - DAG(s) 'etl_pipeline' retrieved from /opt/airflow/dags/etl_pipeline.py
[2026-05-09T14:01:38.334+0000] {logging_mixin.py:188} INFO - [2026-05-09T14:01:38.334+0000] {dag.py:3036} INFO - Sync 1 DAGs
[2026-05-09T14:01:38.341+0000] {logging_mixin.py:188} INFO - [2026-05-09T14:01:38.341+0000] {dag.py:3823} INFO - Setting next_dagrun for etl_pipeline to 2026-05-09 03:00:00+00:00, run_after=2026-05-10 03:00:00+00:00
[2026-05-09T14:01:38.402+0000] {processor.py:183} INFO - Processing /opt/airflow/dags/etl_pipeline.py took 0.182 seconds
[2026-05-09T14:14:31.364+0000] {processor.py:161} INFO - Started process (PID=745) to work on /opt/airflow/dags/etl_pipeline.py
[2026-05-09T14:14:31.365+0000] {processor.py:830} INFO - Processing file /opt/airflow/dags/etl_pipeline.py for tasks to queue
[2026-05-09T14:14:31.366+0000] {logging_mixin.py:188} INFO - [2026-05-09T14:14:31.366+0000] {dagbag.py:538} INFO - Filling up the DagBag from /opt/airflow/dags/etl_pipeline.py
[2026-05-09T14:14:31.481+0000] {processor.py:840} INFO - DAG(s) 'etl_pipeline' retrieved from /opt/airflow/dags/etl_pipeline.py
[2026-05-09T14:14:31.493+0000] {logging_mixin.py:188} INFO - [2026-05-09T14:14:31.493+0000] {dag.py:3036} INFO - Sync 1 DAGs
[2026-05-09T14:14:31.501+0000] {logging_mixin.py:188} INFO - [2026-05-09T14:14:31.501+0000] {dag.py:3823} INFO - Setting next_dagrun for etl_pipeline to 2026-05-09 03:00:00+00:00, run_after=2026-05-10 03:00:00+00:00
[2026-05-09T14:14:31.508+0000] {processor.py:183} INFO - Processing /opt/airflow/dags/etl_pipeline.py took 0.146 seconds
[2026-05-09T14:15:01.833+0000] {processor.py:161} INFO - Started process (PID=751) to work on /opt/airflow/dags/etl_pipeline.py
[2026-05-09T14:15:01.833+0000] {processor.py:830} INFO - Processing file /opt/airflow/dags/etl_pipeline.py for tasks to queue
[2026-05-09T14:15:01.834+0000] {logging_mixin.py:188} INFO - [2026-05-09T14:15:01.834+0000] {dagbag.py:538} INFO - Filling up the DagBag from /opt/airflow/dags/etl_pipeline.py
[2026-05-09T14:15:01.935+0000] {processor.py:840} INFO - DAG(s) 'etl_pipeline' retrieved from /opt/airflow/dags/etl_pipeline.py
[2026-05-09T14:15:01.945+0000] {logging_mixin.py:188} INFO - [2026-05-09T14:15:01.945+0000] {dag.py:3036} INFO - Sync 1 DAGs
[2026-05-09T14:15:01.952+0000] {logging_mixin.py:188} INFO - [2026-05-09T14:15:01.952+0000] {dag.py:3823} INFO - Setting next_dagrun for etl_pipeline to 2026-05-09 03:00:00+00:00, run_after=2026-05-10 03:00:00+00:00
[2026-05-09T14:15:01.959+0000] {processor.py:183} INFO - Processing /opt/airflow/dags/etl_pipeline.py took 0.128 seconds
[2026-05-09T14:22:21.128+0000] {processor.py:161} INFO - Started process (PID=757) to work on /opt/airflow/dags/etl_pipeline.py
[2026-05-09T14:22:21.128+0000] {processor.py:830} INFO - Processing file /opt/airflow/dags/etl_pipeline.py for tasks to queue
[2026-05-09T14:22:21.129+0000] {logging_mixin.py:188} INFO - [2026-05-09T14:22:21.129+0000] {dagbag.py:538} INFO - Filling up the DagBag from /opt/airflow/dags/etl_pipeline.py
[2026-05-09T14:22:21.232+0000] {processor.py:840} INFO - DAG(s) 'etl_pipeline' retrieved from /opt/airflow/dags/etl_pipeline.py
[2026-05-09T14:22:21.242+0000] {logging_mixin.py:188} INFO - [2026-05-09T14:22:21.241+0000] {dag.py:3036} INFO - Sync 1 DAGs
[2026-05-09T14:22:21.249+0000] {logging_mixin.py:188} INFO - [2026-05-09T14:22:21.249+0000] {dag.py:3823} INFO - Setting next_dagrun for etl_pipeline to 2026-05-09 03:00:00+00:00, run_after=2026-05-10 03:00:00+00:00
[2026-05-09T14:22:21.255+0000] {processor.py:183} INFO - Processing /opt/airflow/dags/etl_pipeline.py took 0.130 seconds
[2026-05-09T15:12:38.047+0000] {processor.py:161} INFO - Started process (PID=765) to work on /opt/airflow/dags/etl_pipeline.py
[2026-05-09T15:12:38.047+0000] {processor.py:830} INFO - Processing file /opt/airflow/dags/etl_pipeline.py for tasks to queue
[2026-05-09T15:12:38.048+0000] {logging_mixin.py:188} INFO - [2026-05-09T15:12:38.048+0000] {dagbag.py:538} INFO - Filling up the DagBag from /opt/airflow/dags/etl_pipeline.py
[2026-05-09T15:12:38.147+0000] {processor.py:840} INFO - DAG(s) 'etl_pipeline' retrieved from /opt/airflow/dags/etl_pipeline.py
[2026-05-09T15:12:38.157+0000] {logging_mixin.py:188} INFO - [2026-05-09T15:12:38.157+0000] {dag.py:3036} INFO - Sync 1 DAGs
[2026-05-09T15:12:38.165+0000] {logging_mixin.py:188} INFO - [2026-05-09T15:12:38.165+0000] {dag.py:3823} INFO - Setting next_dagrun for etl_pipeline to 2026-05-09 03:00:00+00:00, run_after=2026-05-10 03:00:00+00:00
[2026-05-09T15:12:38.173+0000] {processor.py:183} INFO - Processing /opt/airflow/dags/etl_pipeline.py took 0.128 seconds
[2026-05-09T15:15:31.287+0000] {processor.py:161} INFO - Started process (PID=771) to work on /opt/airflow/dags/etl_pipeline.py
[2026-05-09T15:15:31.288+0000] {processor.py:830} INFO - Processing file /opt/airflow/dags/etl_pipeline.py for tasks to queue
[2026-05-09T15:15:31.289+0000] {logging_mixin.py:188} INFO - [2026-05-09T15:15:31.288+0000] {dagbag.py:538} INFO - Filling up the DagBag from /opt/airflow/dags/etl_pipeline.py
[2026-05-09T15:15:31.395+0000] {processor.py:840} INFO - DAG(s) 'etl_pipeline' retrieved from /opt/airflow/dags/etl_pipeline.py
[2026-05-09T15:15:31.404+0000] {logging_mixin.py:188} INFO - [2026-05-09T15:15:31.404+0000] {dag.py:3036} INFO - Sync 1 DAGs
[2026-05-09T15:15:31.412+0000] {logging_mixin.py:188} INFO - [2026-05-09T15:15:31.412+0000] {dag.py:3823} INFO - Setting next_dagrun for etl_pipeline to 2026-05-09 03:00:00+00:00, run_after=2026-05-10 03:00:00+00:00
[2026-05-09T15:15:31.473+0000] {processor.py:183} INFO - Processing /opt/airflow/dags/etl_pipeline.py took 0.188 seconds
[2026-05-09T15:48:34.126+0000] {processor.py:161} INFO - Started process (PID=777) to work on /opt/airflow/dags/etl_pipeline.py
[2026-05-09T15:48:34.127+0000] {processor.py:830} INFO - Processing file /opt/airflow/dags/etl_pipeline.py for tasks to queue
[2026-05-09T15:48:34.127+0000] {logging_mixin.py:188} INFO - [2026-05-09T15:48:34.127+0000] {dagbag.py:538} INFO - Filling up the DagBag from /opt/airflow/dags/etl_pipeline.py
[2026-05-09T15:48:34.232+0000] {processor.py:840} INFO - DAG(s) 'etl_pipeline' retrieved from /opt/airflow/dags/etl_pipeline.py
[2026-05-09T15:48:34.243+0000] {logging_mixin.py:188} INFO - [2026-05-09T15:48:34.243+0000] {dag.py:3036} INFO - Sync 1 DAGs
[2026-05-09T15:48:34.252+0000] {logging_mixin.py:188} INFO - [2026-05-09T15:48:34.251+0000] {dag.py:3823} INFO - Setting next_dagrun for etl_pipeline to 2026-05-09 03:00:00+00:00, run_after=2026-05-10 03:00:00+00:00
[2026-05-09T15:48:34.259+0000] {processor.py:183} INFO - Processing /opt/airflow/dags/etl_pipeline.py took 0.134 seconds
[2026-05-09T16:08:41.877+0000] {processor.py:161} INFO - Started process (PID=783) to work on /opt/airflow/dags/etl_pipeline.py
[2026-05-09T16:08:41.877+0000] {processor.py:830} INFO - Processing file /opt/airflow/dags/etl_pipeline.py for tasks to queue
[2026-05-09T16:08:41.878+0000] {logging_mixin.py:188} INFO - [2026-05-09T16:08:41.878+0000] {dagbag.py:538} INFO - Filling up the DagBag from /opt/airflow/dags/etl_pipeline.py
[2026-05-09T16:08:41.982+0000] {processor.py:840} INFO - DAG(s) 'etl_pipeline' retrieved from /opt/airflow/dags/etl_pipeline.py
[2026-05-09T16:08:41.995+0000] {logging_mixin.py:188} INFO - [2026-05-09T16:08:41.995+0000] {dag.py:3036} INFO - Sync 1 DAGs
[2026-05-09T16:08:42.006+0000] {logging_mixin.py:188} INFO - [2026-05-09T16:08:42.006+0000] {dag.py:3823} INFO - Setting next_dagrun for etl_pipeline to 2026-05-09 03:00:00+00:00, run_after=2026-05-10 03:00:00+00:00
[2026-05-09T16:08:42.014+0000] {processor.py:183} INFO - Processing /opt/airflow/dags/etl_pipeline.py took 0.138 seconds
[2026-05-09T16:16:32.825+0000] {processor.py:161} INFO - Started process (PID=789) to work on /opt/airflow/dags/etl_pipeline.py
[2026-05-09T16:16:32.826+0000] {processor.py:830} INFO - Processing file /opt/airflow/dags/etl_pipeline.py for tasks to queue
[2026-05-09T16:16:32.826+0000] {logging_mixin.py:188} INFO - [2026-05-09T16:16:32.826+0000] {dagbag.py:538} INFO - Filling up the DagBag from /opt/airflow/dags/etl_pipeline.py
[2026-05-09T16:16:32.928+0000] {processor.py:840} INFO - DAG(s) 'etl_pipeline' retrieved from /opt/airflow/dags/etl_pipeline.py
[2026-05-09T16:16:32.939+0000] {logging_mixin.py:188} INFO - [2026-05-09T16:16:32.938+0000] {dag.py:3036} INFO - Sync 1 DAGs
[2026-05-09T16:16:32.946+0000] {logging_mixin.py:188} INFO - [2026-05-09T16:16:32.946+0000] {dag.py:3823} INFO - Setting next_dagrun for etl_pipeline to 2026-05-09 03:00:00+00:00, run_after=2026-05-10 03:00:00+00:00
[2026-05-09T16:16:32.952+0000] {processor.py:183} INFO - Processing /opt/airflow/dags/etl_pipeline.py took 0.129 seconds
[2026-05-09T16:32:36.983+0000] {processor.py:161} INFO - Started process (PID=797) to work on /opt/airflow/dags/etl_pipeline.py
[2026-05-09T16:32:36.984+0000] {processor.py:830} INFO - Processing file /opt/airflow/dags/etl_pipeline.py for tasks to queue
[2026-05-09T16:32:36.984+0000] {logging_mixin.py:188} INFO - [2026-05-09T16:32:36.984+0000] {dagbag.py:538} INFO - Filling up the DagBag from /opt/airflow/dags/etl_pipeline.py
[2026-05-09T16:32:37.082+0000] {processor.py:840} INFO - DAG(s) 'etl_pipeline' retrieved from /opt/airflow/dags/etl_pipeline.py
[2026-05-09T16:32:37.094+0000] {logging_mixin.py:188} INFO - [2026-05-09T16:32:37.094+0000] {dag.py:3036} INFO - Sync 1 DAGs
[2026-05-09T16:32:37.102+0000] {logging_mixin.py:188} INFO - [2026-05-09T16:32:37.102+0000] {dag.py:3823} INFO - Setting next_dagrun for etl_pipeline to 2026-05-09 03:00:00+00:00, run_after=2026-05-10 03:00:00+00:00
[2026-05-09T16:32:37.109+0000] {processor.py:183} INFO - Processing /opt/airflow/dags/etl_pipeline.py took 0.128 seconds
[2026-05-09T17:17:45.265+0000] {processor.py:161} INFO - Started process (PID=803) to work on /opt/airflow/dags/etl_pipeline.py
[2026-05-09T17:17:45.265+0000] {processor.py:830} INFO - Processing file /opt/airflow/dags/etl_pipeline.py for tasks to queue
[2026-05-09T17:17:45.266+0000] {logging_mixin.py:188} INFO - [2026-05-09T17:17:45.266+0000] {dagbag.py:538} INFO - Filling up the DagBag from /opt/airflow/dags/etl_pipeline.py
[2026-05-09T17:17:45.367+0000] {processor.py:840} INFO - DAG(s) 'etl_pipeline' retrieved from /opt/airflow/dags/etl_pipeline.py
[2026-05-09T17:17:45.377+0000] {logging_mixin.py:188} INFO - [2026-05-09T17:17:45.377+0000] {dag.py:3036} INFO - Sync 1 DAGs
[2026-05-09T17:17:45.384+0000] {logging_mixin.py:188} INFO - [2026-05-09T17:17:45.384+0000] {dag.py:3823} INFO - Setting next_dagrun for etl_pipeline to 2026-05-09 03:00:00+00:00, run_after=2026-05-10 03:00:00+00:00
[2026-05-09T17:17:45.453+0000] {processor.py:183} INFO - Processing /opt/airflow/dags/etl_pipeline.py took 0.191 seconds
[2026-05-09T17:18:15.792+0000] {processor.py:161} INFO - Started process (PID=809) to work on /opt/airflow/dags/etl_pipeline.py
[2026-05-09T17:18:15.793+0000] {processor.py:830} INFO - Processing file /opt/airflow/dags/etl_pipeline.py for tasks to queue
[2026-05-09T17:18:15.794+0000] {logging_mixin.py:188} INFO - [2026-05-09T17:18:15.793+0000] {dagbag.py:538} INFO - Filling up the DagBag from /opt/airflow/dags/etl_pipeline.py
[2026-05-09T17:18:15.901+0000] {processor.py:840} INFO - DAG(s) 'etl_pipeline' retrieved from /opt/airflow/dags/etl_pipeline.py
[2026-05-09T17:18:15.911+0000] {logging_mixin.py:188} INFO - [2026-05-09T17:18:15.911+0000] {dag.py:3036} INFO - Sync 1 DAGs
[2026-05-09T17:18:15.977+0000] {logging_mixin.py:188} INFO - [2026-05-09T17:18:15.977+0000] {dag.py:3823} INFO - Setting next_dagrun for etl_pipeline to 2026-05-09 03:00:00+00:00, run_after=2026-05-10 03:00:00+00:00
[2026-05-09T17:18:15.983+0000] {processor.py:183} INFO - Processing /opt/airflow/dags/etl_pipeline.py took 0.194 seconds
[2026-05-09T18:18:42.125+0000] {processor.py:161} INFO - Started process (PID=815) to work on /opt/airflow/dags/etl_pipeline.py
[2026-05-09T18:18:42.126+0000] {processor.py:830} INFO - Processing file /opt/airflow/dags/etl_pipeline.py for tasks to queue
[2026-05-09T18:18:42.127+0000] {logging_mixin.py:188} INFO - [2026-05-09T18:18:42.126+0000] {dagbag.py:538} INFO - Filling up the DagBag from /opt/airflow/dags/etl_pipeline.py
[2026-05-09T18:18:42.239+0000] {processor.py:840} INFO - DAG(s) 'etl_pipeline' retrieved from /opt/airflow/dags/etl_pipeline.py
[2026-05-09T18:18:42.249+0000] {logging_mixin.py:188} INFO - [2026-05-09T18:18:42.249+0000] {dag.py:3036} INFO - Sync 1 DAGs
[2026-05-09T18:18:42.257+0000] {logging_mixin.py:188} INFO - [2026-05-09T18:18:42.257+0000] {dag.py:3823} INFO - Setting next_dagrun for etl_pipeline to 2026-05-09 03:00:00+00:00, run_after=2026-05-10 03:00:00+00:00
[2026-05-09T18:18:42.264+0000] {processor.py:183} INFO - Processing /opt/airflow/dags/etl_pipeline.py took 0.140 seconds
[2026-05-09T18:19:12.595+0000] {processor.py:161} INFO - Started process (PID=821) to work on /opt/airflow/dags/etl_pipeline.py
[2026-05-09T18:19:12.596+0000] {processor.py:830} INFO - Processing file /opt/airflow/dags/etl_pipeline.py for tasks to queue
[2026-05-09T18:19:12.597+0000] {logging_mixin.py:188} INFO - [2026-05-09T18:19:12.596+0000] {dagbag.py:538} INFO - Filling up the DagBag from /opt/airflow/dags/etl_pipeline.py
[2026-05-09T18:19:12.701+0000] {processor.py:840} INFO - DAG(s) 'etl_pipeline' retrieved from /opt/airflow/dags/etl_pipeline.py
[2026-05-09T18:19:12.711+0000] {logging_mixin.py:188} INFO - [2026-05-09T18:19:12.711+0000] {dag.py:3036} INFO - Sync 1 DAGs
[2026-05-09T18:19:12.718+0000] {logging_mixin.py:188} INFO - [2026-05-09T18:19:12.718+0000] {dag.py:3823} INFO - Setting next_dagrun for etl_pipeline to 2026-05-09 03:00:00+00:00, run_after=2026-05-10 03:00:00+00:00
[2026-05-09T18:19:12.724+0000] {processor.py:183} INFO - Processing /opt/airflow/dags/etl_pipeline.py took 0.132 seconds
[2026-05-09T18:36:37.404+0000] {processor.py:161} INFO - Started process (PID=827) to work on /opt/airflow/dags/etl_pipeline.py
[2026-05-09T18:36:37.405+0000] {processor.py:830} INFO - Processing file /opt/airflow/dags/etl_pipeline.py for tasks to queue
[2026-05-09T18:36:37.405+0000] {logging_mixin.py:188} INFO - [2026-05-09T18:36:37.405+0000] {dagbag.py:538} INFO - Filling up the DagBag from /opt/airflow/dags/etl_pipeline.py
[2026-05-09T18:36:37.495+0000] {processor.py:840} INFO - DAG(s) 'etl_pipeline' retrieved from /opt/airflow/dags/etl_pipeline.py
[2026-05-09T18:36:37.505+0000] {logging_mixin.py:188} INFO - [2026-05-09T18:36:37.505+0000] {dag.py:3036} INFO - Sync 1 DAGs
[2026-05-09T18:36:37.513+0000] {logging_mixin.py:188} INFO - [2026-05-09T18:36:37.512+0000] {dag.py:3823} INFO - Setting next_dagrun for etl_pipeline to 2026-05-09 03:00:00+00:00, run_after=2026-05-10 03:00:00+00:00
[2026-05-09T18:36:37.520+0000] {processor.py:183} INFO - Processing /opt/airflow/dags/etl_pipeline.py took 0.117 seconds
[2026-05-09T18:53:21.010+0000] {processor.py:161} INFO - Started process (PID=833) to work on /opt/airflow/dags/etl_pipeline.py
[2026-05-09T18:53:21.011+0000] {processor.py:830} INFO - Processing file /opt/airflow/dags/etl_pipeline.py for tasks to queue
[2026-05-09T18:53:21.011+0000] {logging_mixin.py:188} INFO - [2026-05-09T18:53:21.011+0000] {dagbag.py:538} INFO - Filling up the DagBag from /opt/airflow/dags/etl_pipeline.py
[2026-05-09T18:53:21.298+0000] {processor.py:840} INFO - DAG(s) 'etl_pipeline' retrieved from /opt/airflow/dags/etl_pipeline.py
[2026-05-09T18:53:21.319+0000] {logging_mixin.py:188} INFO - [2026-05-09T18:53:21.318+0000] {dag.py:3036} INFO - Sync 1 DAGs
[2026-05-09T18:53:21.333+0000] {logging_mixin.py:188} INFO - [2026-05-09T18:53:21.333+0000] {dag.py:3823} INFO - Setting next_dagrun for etl_pipeline to 2026-05-09 03:00:00+00:00, run_after=2026-05-10 03:00:00+00:00
[2026-05-09T18:53:21.370+0000] {processor.py:183} INFO - Processing /opt/airflow/dags/etl_pipeline.py took 0.362 seconds
[2026-05-09T19:19:51.608+0000] {processor.py:161} INFO - Started process (PID=839) to work on /opt/airflow/dags/etl_pipeline.py
[2026-05-09T19:19:51.609+0000] {processor.py:830} INFO - Processing file /opt/airflow/dags/etl_pipeline.py for tasks to queue
[2026-05-09T19:19:51.610+0000] {logging_mixin.py:188} INFO - [2026-05-09T19:19:51.610+0000] {dagbag.py:538} INFO - Filling up the DagBag from /opt/airflow/dags/etl_pipeline.py
[2026-05-09T19:19:51.708+0000] {processor.py:840} INFO - DAG(s) 'etl_pipeline' retrieved from /opt/airflow/dags/etl_pipeline.py
[2026-05-09T19:19:51.718+0000] {logging_mixin.py:188} INFO - [2026-05-09T19:19:51.718+0000] {dag.py:3036} INFO - Sync 1 DAGs
[2026-05-09T19:19:51.726+0000] {logging_mixin.py:188} INFO - [2026-05-09T19:19:51.726+0000] {dag.py:3823} INFO - Setting next_dagrun for etl_pipeline to 2026-05-09 03:00:00+00:00, run_after=2026-05-10 03:00:00+00:00
[2026-05-09T19:19:51.788+0000] {processor.py:183} INFO - Processing /opt/airflow/dags/etl_pipeline.py took 0.182 seconds
[2026-05-09T19:53:42.192+0000] {processor.py:161} INFO - Started process (PID=847) to work on /opt/airflow/dags/etl_pipeline.py
[2026-05-09T19:53:42.193+0000] {processor.py:830} INFO - Processing file /opt/airflow/dags/etl_pipeline.py for tasks to queue
[2026-05-09T19:53:42.193+0000] {logging_mixin.py:188} INFO - [2026-05-09T19:53:42.193+0000] {dagbag.py:538} INFO - Filling up the DagBag from /opt/airflow/dags/etl_pipeline.py
[2026-05-09T19:53:42.305+0000] {processor.py:840} INFO - DAG(s) 'etl_pipeline' retrieved from /opt/airflow/dags/etl_pipeline.py
[2026-05-09T19:53:42.317+0000] {logging_mixin.py:188} INFO - [2026-05-09T19:53:42.317+0000] {dag.py:3036} INFO - Sync 1 DAGs
[2026-05-09T19:53:42.325+0000] {logging_mixin.py:188} INFO - [2026-05-09T19:53:42.325+0000] {dag.py:3823} INFO - Setting next_dagrun for etl_pipeline to 2026-05-09 03:00:00+00:00, run_after=2026-05-10 03:00:00+00:00
[2026-05-09T19:53:42.333+0000] {processor.py:183} INFO - Processing /opt/airflow/dags/etl_pipeline.py took 0.143 seconds
[2026-05-09T19:54:12.602+0000] {processor.py:161} INFO - Started process (PID=853) to work on /opt/airflow/dags/etl_pipeline.py
[2026-05-09T19:54:12.603+0000] {processor.py:830} INFO - Processing file /opt/airflow/dags/etl_pipeline.py for tasks to queue
[2026-05-09T19:54:12.604+0000] {logging_mixin.py:188} INFO - [2026-05-09T19:54:12.603+0000] {dagbag.py:538} INFO - Filling up the DagBag from /opt/airflow/dags/etl_pipeline.py
[2026-05-09T19:54:12.709+0000] {processor.py:840} INFO - DAG(s) 'etl_pipeline' retrieved from /opt/airflow/dags/etl_pipeline.py
[2026-05-09T19:54:12.719+0000] {logging_mixin.py:188} INFO - [2026-05-09T19:54:12.719+0000] {dag.py:3036} INFO - Sync 1 DAGs
[2026-05-09T19:54:12.726+0000] {logging_mixin.py:188} INFO - [2026-05-09T19:54:12.726+0000] {dag.py:3823} INFO - Setting next_dagrun for etl_pipeline to 2026-05-09 03:00:00+00:00, run_after=2026-05-10 03:00:00+00:00
[2026-05-09T19:54:12.732+0000] {processor.py:183} INFO - Processing /opt/airflow/dags/etl_pipeline.py took 0.133 seconds
[2026-05-09T20:20:46.556+0000] {processor.py:161} INFO - Started process (PID=859) to work on /opt/airflow/dags/etl_pipeline.py
[2026-05-09T20:20:46.557+0000] {processor.py:830} INFO - Processing file /opt/airflow/dags/etl_pipeline.py for tasks to queue
[2026-05-09T20:20:46.557+0000] {logging_mixin.py:188} INFO - [2026-05-09T20:20:46.557+0000] {dagbag.py:538} INFO - Filling up the DagBag from /opt/airflow/dags/etl_pipeline.py
[2026-05-09T20:20:46.657+0000] {processor.py:840} INFO - DAG(s) 'etl_pipeline' retrieved from /opt/airflow/dags/etl_pipeline.py
[2026-05-09T20:20:46.667+0000] {logging_mixin.py:188} INFO - [2026-05-09T20:20:46.667+0000] {dag.py:3036} INFO - Sync 1 DAGs
[2026-05-09T20:20:46.674+0000] {logging_mixin.py:188} INFO - [2026-05-09T20:20:46.674+0000] {dag.py:3823} INFO - Setting next_dagrun for etl_pipeline to 2026-05-09 03:00:00+00:00, run_after=2026-05-10 03:00:00+00:00
[2026-05-09T20:20:46.680+0000] {processor.py:183} INFO - Processing /opt/airflow/dags/etl_pipeline.py took 0.126 seconds
[2026-05-09T20:36:50.669+0000] {processor.py:161} INFO - Started process (PID=867) to work on /opt/airflow/dags/etl_pipeline.py
[2026-05-09T20:36:50.669+0000] {processor.py:830} INFO - Processing file /opt/airflow/dags/etl_pipeline.py for tasks to queue
[2026-05-09T20:36:50.670+0000] {logging_mixin.py:188} INFO - [2026-05-09T20:36:50.669+0000] {dagbag.py:538} INFO - Filling up the DagBag from /opt/airflow/dags/etl_pipeline.py
[2026-05-09T20:36:50.766+0000] {processor.py:840} INFO - DAG(s) 'etl_pipeline' retrieved from /opt/airflow/dags/etl_pipeline.py
[2026-05-09T20:36:50.776+0000] {logging_mixin.py:188} INFO - [2026-05-09T20:36:50.776+0000] {dag.py:3036} INFO - Sync 1 DAGs
[2026-05-09T20:36:50.783+0000] {logging_mixin.py:188} INFO - [2026-05-09T20:36:50.783+0000] {dag.py:3823} INFO - Setting next_dagrun for etl_pipeline to 2026-05-09 03:00:00+00:00, run_after=2026-05-10 03:00:00+00:00
[2026-05-09T20:36:50.789+0000] {processor.py:183} INFO - Processing /opt/airflow/dags/etl_pipeline.py took 0.122 seconds
[2026-05-09T21:21:44.087+0000] {processor.py:161} INFO - Started process (PID=873) to work on /opt/airflow/dags/etl_pipeline.py
[2026-05-09T21:21:44.088+0000] {processor.py:830} INFO - Processing file /opt/airflow/dags/etl_pipeline.py for tasks to queue
[2026-05-09T21:21:44.089+0000] {logging_mixin.py:188} INFO - [2026-05-09T21:21:44.088+0000] {dagbag.py:538} INFO - Filling up the DagBag from /opt/airflow/dags/etl_pipeline.py
[2026-05-09T21:21:44.187+0000] {processor.py:840} INFO - DAG(s) 'etl_pipeline' retrieved from /opt/airflow/dags/etl_pipeline.py
[2026-05-09T21:21:44.197+0000] {logging_mixin.py:188} INFO - [2026-05-09T21:21:44.197+0000] {dag.py:3036} INFO - Sync 1 DAGs
[2026-05-09T21:21:44.204+0000] {logging_mixin.py:188} INFO - [2026-05-09T21:21:44.204+0000] {dag.py:3823} INFO - Setting next_dagrun for etl_pipeline to 2026-05-09 03:00:00+00:00, run_after=2026-05-10 03:00:00+00:00
[2026-05-09T21:21:44.268+0000] {processor.py:183} INFO - Processing /opt/airflow/dags/etl_pipeline.py took 0.183 seconds
[2026-05-09T21:22:14.452+0000] {processor.py:161} INFO - Started process (PID=879) to work on /opt/airflow/dags/etl_pipeline.py
[2026-05-09T21:22:14.453+0000] {processor.py:830} INFO - Processing file /opt/airflow/dags/etl_pipeline.py for tasks to queue
[2026-05-09T21:22:14.454+0000] {logging_mixin.py:188} INFO - [2026-05-09T21:22:14.454+0000] {dagbag.py:538} INFO - Filling up the DagBag from /opt/airflow/dags/etl_pipeline.py
[2026-05-09T21:22:14.561+0000] {processor.py:840} INFO - DAG(s) 'etl_pipeline' retrieved from /opt/airflow/dags/etl_pipeline.py
[2026-05-09T21:22:14.571+0000] {logging_mixin.py:188} INFO - [2026-05-09T21:22:14.571+0000] {dag.py:3036} INFO - Sync 1 DAGs
[2026-05-09T21:22:14.640+0000] {logging_mixin.py:188} INFO - [2026-05-09T21:22:14.640+0000] {dag.py:3823} INFO - Setting next_dagrun for etl_pipeline to 2026-05-09 03:00:00+00:00, run_after=2026-05-10 03:00:00+00:00
[2026-05-09T21:22:14.646+0000] {processor.py:183} INFO - Processing /opt/airflow/dags/etl_pipeline.py took 0.197 seconds
[2026-05-09T21:57:20.326+0000] {processor.py:161} INFO - Started process (PID=885) to work on /opt/airflow/dags/etl_pipeline.py
[2026-05-09T21:57:20.327+0000] {processor.py:830} INFO - Processing file /opt/airflow/dags/etl_pipeline.py for tasks to queue
[2026-05-09T21:57:20.327+0000] {logging_mixin.py:188} INFO - [2026-05-09T21:57:20.327+0000] {dagbag.py:538} INFO - Filling up the DagBag from /opt/airflow/dags/etl_pipeline.py
[2026-05-09T21:57:20.429+0000] {processor.py:840} INFO - DAG(s) 'etl_pipeline' retrieved from /opt/airflow/dags/etl_pipeline.py
[2026-05-09T21:57:20.440+0000] {logging_mixin.py:188} INFO - [2026-05-09T21:57:20.440+0000] {dag.py:3036} INFO - Sync 1 DAGs
[2026-05-09T21:57:20.449+0000] {logging_mixin.py:188} INFO - [2026-05-09T21:57:20.448+0000] {dag.py:3823} INFO - Setting next_dagrun for etl_pipeline to 2026-05-09 03:00:00+00:00, run_after=2026-05-10 03:00:00+00:00
[2026-05-09T21:57:20.456+0000] {processor.py:183} INFO - Processing /opt/airflow/dags/etl_pipeline.py took 0.131 seconds
[2026-05-09T22:15:10.541+0000] {processor.py:161} INFO - Started process (PID=893) to work on /opt/airflow/dags/etl_pipeline.py
[2026-05-09T22:15:10.541+0000] {processor.py:830} INFO - Processing file /opt/airflow/dags/etl_pipeline.py for tasks to queue
[2026-05-09T22:15:10.542+0000] {logging_mixin.py:188} INFO - [2026-05-09T22:15:10.542+0000] {dagbag.py:538} INFO - Filling up the DagBag from /opt/airflow/dags/etl_pipeline.py
[2026-05-09T22:15:10.647+0000] {processor.py:840} INFO - DAG(s) 'etl_pipeline' retrieved from /opt/airflow/dags/etl_pipeline.py
[2026-05-09T22:15:10.657+0000] {logging_mixin.py:188} INFO - [2026-05-09T22:15:10.657+0000] {dag.py:3036} INFO - Sync 1 DAGs
[2026-05-09T22:15:10.665+0000] {logging_mixin.py:188} INFO - [2026-05-09T22:15:10.665+0000] {dag.py:3823} INFO - Setting next_dagrun for etl_pipeline to 2026-05-09 03:00:00+00:00, run_after=2026-05-10 03:00:00+00:00
[2026-05-09T22:15:10.671+0000] {processor.py:183} INFO - Processing /opt/airflow/dags/etl_pipeline.py took 0.133 seconds
[2026-05-09T22:22:54.657+0000] {processor.py:161} INFO - Started process (PID=899) to work on /opt/airflow/dags/etl_pipeline.py
[2026-05-09T22:22:54.658+0000] {processor.py:830} INFO - Processing file /opt/airflow/dags/etl_pipeline.py for tasks to queue
[2026-05-09T22:22:54.658+0000] {logging_mixin.py:188} INFO - [2026-05-09T22:22:54.658+0000] {dagbag.py:538} INFO - Filling up the DagBag from /opt/airflow/dags/etl_pipeline.py
[2026-05-09T22:22:54.757+0000] {processor.py:840} INFO - DAG(s) 'etl_pipeline' retrieved from /opt/airflow/dags/etl_pipeline.py
[2026-05-09T22:22:54.769+0000] {logging_mixin.py:188} INFO - [2026-05-09T22:22:54.769+0000] {dag.py:3036} INFO - Sync 1 DAGs
[2026-05-09T22:22:54.778+0000] {logging_mixin.py:188} INFO - [2026-05-09T22:22:54.778+0000] {dag.py:3823} INFO - Setting next_dagrun for etl_pipeline to 2026-05-09 03:00:00+00:00, run_after=2026-05-10 03:00:00+00:00
[2026-05-09T22:22:54.786+0000] {processor.py:183} INFO - Processing /opt/airflow/dags/etl_pipeline.py took 0.131 seconds
[2026-05-09T22:55:33.591+0000] {processor.py:161} INFO - Started process (PID=905) to work on /opt/airflow/dags/etl_pipeline.py
[2026-05-09T22:55:33.591+0000] {processor.py:830} INFO - Processing file /opt/airflow/dags/etl_pipeline.py for tasks to queue
[2026-05-09T22:55:33.592+0000] {logging_mixin.py:188} INFO - [2026-05-09T22:55:33.592+0000] {dagbag.py:538} INFO - Filling up the DagBag from /opt/airflow/dags/etl_pipeline.py
[2026-05-09T22:55:33.692+0000] {processor.py:840} INFO - DAG(s) 'etl_pipeline' retrieved from /opt/airflow/dags/etl_pipeline.py
[2026-05-09T22:55:33.702+0000] {logging_mixin.py:188} INFO - [2026-05-09T22:55:33.702+0000] {dag.py:3036} INFO - Sync 1 DAGs
[2026-05-09T22:55:33.709+0000] {logging_mixin.py:188} INFO - [2026-05-09T22:55:33.709+0000] {dag.py:3823} INFO - Setting next_dagrun for etl_pipeline to 2026-05-09 03:00:00+00:00, run_after=2026-05-10 03:00:00+00:00
[2026-05-09T22:55:33.771+0000] {processor.py:183} INFO - Processing /opt/airflow/dags/etl_pipeline.py took 0.183 seconds
[2026-05-09T23:30:16.313+0000] {processor.py:161} INFO - Started process (PID=911) to work on /opt/airflow/dags/etl_pipeline.py
[2026-05-09T23:30:16.314+0000] {processor.py:830} INFO - Processing file /opt/airflow/dags/etl_pipeline.py for tasks to queue
[2026-05-09T23:30:16.314+0000] {logging_mixin.py:188} INFO - [2026-05-09T23:30:16.314+0000] {dagbag.py:538} INFO - Filling up the DagBag from /opt/airflow/dags/etl_pipeline.py
[2026-05-09T23:30:16.416+0000] {processor.py:840} INFO - DAG(s) 'etl_pipeline' retrieved from /opt/airflow/dags/etl_pipeline.py
[2026-05-09T23:30:16.426+0000] {logging_mixin.py:188} INFO - [2026-05-09T23:30:16.426+0000] {dag.py:3036} INFO - Sync 1 DAGs
[2026-05-09T23:30:16.490+0000] {logging_mixin.py:188} INFO - [2026-05-09T23:30:16.490+0000] {dag.py:3823} INFO - Setting next_dagrun for etl_pipeline to 2026-05-09 03:00:00+00:00, run_after=2026-05-10 03:00:00+00:00
[2026-05-09T23:30:16.496+0000] {processor.py:183} INFO - Processing /opt/airflow/dags/etl_pipeline.py took 0.185 seconds
[2026-05-09T23:56:41.060+0000] {processor.py:161} INFO - Started process (PID=918) to work on /opt/airflow/dags/etl_pipeline.py
[2026-05-09T23:56:41.060+0000] {processor.py:830} INFO - Processing file /opt/airflow/dags/etl_pipeline.py for tasks to queue
[2026-05-09T23:56:41.061+0000] {logging_mixin.py:188} INFO - [2026-05-09T23:56:41.061+0000] {dagbag.py:538} INFO - Filling up the DagBag from /opt/airflow/dags/etl_pipeline.py
[2026-05-09T23:56:41.174+0000] {processor.py:840} INFO - DAG(s) 'etl_pipeline' retrieved from /opt/airflow/dags/etl_pipeline.py
[2026-05-09T23:56:41.188+0000] {logging_mixin.py:188} INFO - [2026-05-09T23:56:41.188+0000] {dag.py:3036} INFO - Sync 1 DAGs
[2026-05-09T23:56:41.196+0000] {logging_mixin.py:188} INFO - [2026-05-09T23:56:41.195+0000] {dag.py:3823} INFO - Setting next_dagrun for etl_pipeline to 2026-05-09 03:00:00+00:00, run_after=2026-05-10 03:00:00+00:00
[2026-05-09T23:56:41.203+0000] {processor.py:183} INFO - Processing /opt/airflow/dags/etl_pipeline.py took 0.145 seconds
[2026-05-09T23:57:11.336+0000] {processor.py:161} INFO - Started process (PID=924) to work on /opt/airflow/dags/etl_pipeline.py
[2026-05-09T23:57:11.337+0000] {processor.py:830} INFO - Processing file /opt/airflow/dags/etl_pipeline.py for tasks to queue
[2026-05-09T23:57:11.337+0000] {logging_mixin.py:188} INFO - [2026-05-09T23:57:11.337+0000] {dagbag.py:538} INFO - Filling up the DagBag from /opt/airflow/dags/etl_pipeline.py
[2026-05-09T23:57:11.443+0000] {processor.py:840} INFO - DAG(s) 'etl_pipeline' retrieved from /opt/airflow/dags/etl_pipeline.py
[2026-05-09T23:57:11.453+0000] {logging_mixin.py:188} INFO - [2026-05-09T23:57:11.453+0000] {dag.py:3036} INFO - Sync 1 DAGs
[2026-05-09T23:57:11.460+0000] {logging_mixin.py:188} INFO - [2026-05-09T23:57:11.460+0000] {dag.py:3823} INFO - Setting next_dagrun for etl_pipeline to 2026-05-09 03:00:00+00:00, run_after=2026-05-10 03:00:00+00:00
[2026-05-09T23:57:11.466+0000] {processor.py:183} INFO - Processing /opt/airflow/dags/etl_pipeline.py took 0.134 seconds
