[2026-05-08T13:37:17.535+0000] {processor.py:161} INFO - Started process (PID=170) to work on /opt/airflow/dags/etl_pipeline.py
[2026-05-08T13:37:17.537+0000] {processor.py:830} INFO - Processing file /opt/airflow/dags/etl_pipeline.py for tasks to queue
[2026-05-08T13:37:17.537+0000] {logging_mixin.py:188} INFO - [2026-05-08T13:37:17.537+0000] {dagbag.py:538} INFO - Filling up the DagBag from /opt/airflow/dags/etl_pipeline.py
[2026-05-08T13:37:17.977+0000] {processor.py:840} INFO - DAG(s) 'etl_pipeline' retrieved from /opt/airflow/dags/etl_pipeline.py
[2026-05-08T13:37:18.111+0000] {logging_mixin.py:188} INFO - [2026-05-08T13:37:18.111+0000] {override.py:1769} INFO - Created Permission View: can edit on DAG:etl_pipeline
[2026-05-08T13:37:18.114+0000] {logging_mixin.py:188} INFO - [2026-05-08T13:37:18.114+0000] {override.py:1769} INFO - Created Permission View: can read on DAG:etl_pipeline
[2026-05-08T13:37:18.116+0000] {logging_mixin.py:188} INFO - [2026-05-08T13:37:18.116+0000] {override.py:1769} INFO - Created Permission View: can delete on DAG:etl_pipeline
[2026-05-08T13:37:18.116+0000] {logging_mixin.py:188} INFO - [2026-05-08T13:37:18.116+0000] {dag.py:3036} INFO - Sync 1 DAGs
[2026-05-08T13:37:18.120+0000] {logging_mixin.py:188} INFO - [2026-05-08T13:37:18.119+0000] {dag.py:3058} INFO - Creating ORM DAG for etl_pipeline
[2026-05-08T13:37:18.123+0000] {logging_mixin.py:188} INFO - [2026-05-08T13:37:18.123+0000] {dag.py:3823} INFO - Setting next_dagrun for etl_pipeline to 2026-05-07 03:00:00+00:00, run_after=2026-05-08 03:00:00+00:00
[2026-05-08T13:37:18.129+0000] {processor.py:183} INFO - Processing /opt/airflow/dags/etl_pipeline.py took 0.595 seconds
[2026-05-08T13:37:48.351+0000] {processor.py:161} INFO - Started process (PID=177) to work on /opt/airflow/dags/etl_pipeline.py
[2026-05-08T13:37:48.352+0000] {processor.py:830} INFO - Processing file /opt/airflow/dags/etl_pipeline.py for tasks to queue
[2026-05-08T13:37:48.353+0000] {logging_mixin.py:188} INFO - [2026-05-08T13:37:48.352+0000] {dagbag.py:538} INFO - Filling up the DagBag from /opt/airflow/dags/etl_pipeline.py
[2026-05-08T13:37:48.470+0000] {processor.py:840} INFO - DAG(s) 'etl_pipeline' retrieved from /opt/airflow/dags/etl_pipeline.py
[2026-05-08T13:37:48.480+0000] {logging_mixin.py:188} INFO - [2026-05-08T13:37:48.480+0000] {dag.py:3036} INFO - Sync 1 DAGs
[2026-05-08T13:37:48.488+0000] {logging_mixin.py:188} INFO - [2026-05-08T13:37:48.488+0000] {dag.py:3823} INFO - Setting next_dagrun for etl_pipeline to 2026-05-07 03:00:00+00:00, run_after=2026-05-08 03:00:00+00:00
[2026-05-08T13:37:48.494+0000] {processor.py:183} INFO - Processing /opt/airflow/dags/etl_pipeline.py took 0.147 seconds
[2026-05-08T13:38:18.624+0000] {processor.py:161} INFO - Started process (PID=183) to work on /opt/airflow/dags/etl_pipeline.py
[2026-05-08T13:38:18.624+0000] {processor.py:830} INFO - Processing file /opt/airflow/dags/etl_pipeline.py for tasks to queue
[2026-05-08T13:38:18.625+0000] {logging_mixin.py:188} INFO - [2026-05-08T13:38:18.624+0000] {dagbag.py:538} INFO - Filling up the DagBag from /opt/airflow/dags/etl_pipeline.py
[2026-05-08T13:38:18.725+0000] {processor.py:840} INFO - DAG(s) 'etl_pipeline' retrieved from /opt/airflow/dags/etl_pipeline.py
[2026-05-08T13:38:18.735+0000] {logging_mixin.py:188} INFO - [2026-05-08T13:38:18.735+0000] {dag.py:3036} INFO - Sync 1 DAGs
[2026-05-08T13:38:18.744+0000] {logging_mixin.py:188} INFO - [2026-05-08T13:38:18.743+0000] {dag.py:3823} INFO - Setting next_dagrun for etl_pipeline to 2026-05-07 03:00:00+00:00, run_after=2026-05-08 03:00:00+00:00
[2026-05-08T13:38:18.750+0000] {processor.py:183} INFO - Processing /opt/airflow/dags/etl_pipeline.py took 0.129 seconds
[2026-05-08T13:38:49.055+0000] {processor.py:161} INFO - Started process (PID=195) to work on /opt/airflow/dags/etl_pipeline.py
[2026-05-08T13:38:49.056+0000] {processor.py:830} INFO - Processing file /opt/airflow/dags/etl_pipeline.py for tasks to queue
[2026-05-08T13:38:49.056+0000] {logging_mixin.py:188} INFO - [2026-05-08T13:38:49.056+0000] {dagbag.py:538} INFO - Filling up the DagBag from /opt/airflow/dags/etl_pipeline.py
[2026-05-08T13:38:49.162+0000] {processor.py:840} INFO - DAG(s) 'etl_pipeline' retrieved from /opt/airflow/dags/etl_pipeline.py
[2026-05-08T13:38:49.171+0000] {logging_mixin.py:188} INFO - [2026-05-08T13:38:49.171+0000] {dag.py:3036} INFO - Sync 1 DAGs
[2026-05-08T13:38:49.179+0000] {logging_mixin.py:188} INFO - [2026-05-08T13:38:49.178+0000] {dag.py:3823} INFO - Setting next_dagrun for etl_pipeline to 2026-05-08 03:00:00+00:00, run_after=2026-05-09 03:00:00+00:00
[2026-05-08T13:38:49.184+0000] {processor.py:183} INFO - Processing /opt/airflow/dags/etl_pipeline.py took 0.132 seconds
[2026-05-08T13:39:19.378+0000] {processor.py:161} INFO - Started process (PID=201) to work on /opt/airflow/dags/etl_pipeline.py
[2026-05-08T13:39:19.378+0000] {processor.py:830} INFO - Processing file /opt/airflow/dags/etl_pipeline.py for tasks to queue
[2026-05-08T13:39:19.379+0000] {logging_mixin.py:188} INFO - [2026-05-08T13:39:19.379+0000] {dagbag.py:538} INFO - Filling up the DagBag from /opt/airflow/dags/etl_pipeline.py
[2026-05-08T13:39:19.488+0000] {processor.py:840} INFO - DAG(s) 'etl_pipeline' retrieved from /opt/airflow/dags/etl_pipeline.py
[2026-05-08T13:39:19.499+0000] {logging_mixin.py:188} INFO - [2026-05-08T13:39:19.499+0000] {dag.py:3036} INFO - Sync 1 DAGs
[2026-05-08T13:39:19.508+0000] {logging_mixin.py:188} INFO - [2026-05-08T13:39:19.508+0000] {dag.py:3823} INFO - Setting next_dagrun for etl_pipeline to 2026-05-08 03:00:00+00:00, run_after=2026-05-09 03:00:00+00:00
[2026-05-08T13:39:19.517+0000] {processor.py:183} INFO - Processing /opt/airflow/dags/etl_pipeline.py took 0.142 seconds
[2026-05-08T13:39:49.729+0000] {processor.py:161} INFO - Started process (PID=207) to work on /opt/airflow/dags/etl_pipeline.py
[2026-05-08T13:39:49.730+0000] {processor.py:830} INFO - Processing file /opt/airflow/dags/etl_pipeline.py for tasks to queue
[2026-05-08T13:39:49.731+0000] {logging_mixin.py:188} INFO - [2026-05-08T13:39:49.731+0000] {dagbag.py:538} INFO - Filling up the DagBag from /opt/airflow/dags/etl_pipeline.py
[2026-05-08T13:39:49.835+0000] {processor.py:840} INFO - DAG(s) 'etl_pipeline' retrieved from /opt/airflow/dags/etl_pipeline.py
[2026-05-08T13:39:49.844+0000] {logging_mixin.py:188} INFO - [2026-05-08T13:39:49.844+0000] {dag.py:3036} INFO - Sync 1 DAGs
[2026-05-08T13:39:49.851+0000] {logging_mixin.py:188} INFO - [2026-05-08T13:39:49.851+0000] {dag.py:3823} INFO - Setting next_dagrun for etl_pipeline to 2026-05-08 03:00:00+00:00, run_after=2026-05-09 03:00:00+00:00
[2026-05-08T13:39:49.857+0000] {processor.py:183} INFO - Processing /opt/airflow/dags/etl_pipeline.py took 0.131 seconds
[2026-05-08T13:40:20.001+0000] {processor.py:161} INFO - Started process (PID=213) to work on /opt/airflow/dags/etl_pipeline.py
[2026-05-08T13:40:20.002+0000] {processor.py:830} INFO - Processing file /opt/airflow/dags/etl_pipeline.py for tasks to queue
[2026-05-08T13:40:20.003+0000] {logging_mixin.py:188} INFO - [2026-05-08T13:40:20.003+0000] {dagbag.py:538} INFO - Filling up the DagBag from /opt/airflow/dags/etl_pipeline.py
[2026-05-08T13:40:20.109+0000] {processor.py:840} INFO - DAG(s) 'etl_pipeline' retrieved from /opt/airflow/dags/etl_pipeline.py
[2026-05-08T13:40:20.119+0000] {logging_mixin.py:188} INFO - [2026-05-08T13:40:20.119+0000] {dag.py:3036} INFO - Sync 1 DAGs
[2026-05-08T13:40:20.126+0000] {logging_mixin.py:188} INFO - [2026-05-08T13:40:20.126+0000] {dag.py:3823} INFO - Setting next_dagrun for etl_pipeline to 2026-05-08 03:00:00+00:00, run_after=2026-05-09 03:00:00+00:00
[2026-05-08T13:40:20.133+0000] {processor.py:183} INFO - Processing /opt/airflow/dags/etl_pipeline.py took 0.134 seconds
[2026-05-08T13:40:50.263+0000] {processor.py:161} INFO - Started process (PID=219) to work on /opt/airflow/dags/etl_pipeline.py
[2026-05-08T13:40:50.264+0000] {processor.py:830} INFO - Processing file /opt/airflow/dags/etl_pipeline.py for tasks to queue
[2026-05-08T13:40:50.264+0000] {logging_mixin.py:188} INFO - [2026-05-08T13:40:50.264+0000] {dagbag.py:538} INFO - Filling up the DagBag from /opt/airflow/dags/etl_pipeline.py
[2026-05-08T13:40:50.366+0000] {processor.py:840} INFO - DAG(s) 'etl_pipeline' retrieved from /opt/airflow/dags/etl_pipeline.py
[2026-05-08T13:40:50.376+0000] {logging_mixin.py:188} INFO - [2026-05-08T13:40:50.376+0000] {dag.py:3036} INFO - Sync 1 DAGs
[2026-05-08T13:40:50.384+0000] {logging_mixin.py:188} INFO - [2026-05-08T13:40:50.383+0000] {dag.py:3823} INFO - Setting next_dagrun for etl_pipeline to 2026-05-08 03:00:00+00:00, run_after=2026-05-09 03:00:00+00:00
[2026-05-08T13:40:50.389+0000] {processor.py:183} INFO - Processing /opt/airflow/dags/etl_pipeline.py took 0.129 seconds
[2026-05-08T13:41:20.639+0000] {processor.py:161} INFO - Started process (PID=225) to work on /opt/airflow/dags/etl_pipeline.py
[2026-05-08T13:41:20.639+0000] {processor.py:830} INFO - Processing file /opt/airflow/dags/etl_pipeline.py for tasks to queue
[2026-05-08T13:41:20.640+0000] {logging_mixin.py:188} INFO - [2026-05-08T13:41:20.640+0000] {dagbag.py:538} INFO - Filling up the DagBag from /opt/airflow/dags/etl_pipeline.py
[2026-05-08T13:41:20.746+0000] {processor.py:840} INFO - DAG(s) 'etl_pipeline' retrieved from /opt/airflow/dags/etl_pipeline.py
[2026-05-08T13:41:20.756+0000] {logging_mixin.py:188} INFO - [2026-05-08T13:41:20.756+0000] {dag.py:3036} INFO - Sync 1 DAGs
[2026-05-08T13:41:20.764+0000] {logging_mixin.py:188} INFO - [2026-05-08T13:41:20.764+0000] {dag.py:3823} INFO - Setting next_dagrun for etl_pipeline to 2026-05-08 03:00:00+00:00, run_after=2026-05-09 03:00:00+00:00
[2026-05-08T13:41:20.770+0000] {processor.py:183} INFO - Processing /opt/airflow/dags/etl_pipeline.py took 0.133 seconds
[2026-05-08T13:41:50.966+0000] {processor.py:161} INFO - Started process (PID=231) to work on /opt/airflow/dags/etl_pipeline.py
[2026-05-08T13:41:50.967+0000] {processor.py:830} INFO - Processing file /opt/airflow/dags/etl_pipeline.py for tasks to queue
[2026-05-08T13:41:50.968+0000] {logging_mixin.py:188} INFO - [2026-05-08T13:41:50.968+0000] {dagbag.py:538} INFO - Filling up the DagBag from /opt/airflow/dags/etl_pipeline.py
[2026-05-08T13:41:51.296+0000] {processor.py:840} INFO - DAG(s) 'etl_pipeline' retrieved from /opt/airflow/dags/etl_pipeline.py
[2026-05-08T13:41:51.310+0000] {logging_mixin.py:188} INFO - [2026-05-08T13:41:51.309+0000] {dag.py:3036} INFO - Sync 1 DAGs
[2026-05-08T13:41:51.321+0000] {logging_mixin.py:188} INFO - [2026-05-08T13:41:51.320+0000] {dag.py:3823} INFO - Setting next_dagrun for etl_pipeline to 2026-05-08 03:00:00+00:00, run_after=2026-05-09 03:00:00+00:00
[2026-05-08T13:41:51.332+0000] {processor.py:183} INFO - Processing /opt/airflow/dags/etl_pipeline.py took 0.369 seconds
[2026-05-08T13:57:39.258+0000] {processor.py:161} INFO - Started process (PID=238) to work on /opt/airflow/dags/etl_pipeline.py
[2026-05-08T13:57:39.260+0000] {processor.py:830} INFO - Processing file /opt/airflow/dags/etl_pipeline.py for tasks to queue
[2026-05-08T13:57:39.261+0000] {logging_mixin.py:188} INFO - [2026-05-08T13:57:39.261+0000] {dagbag.py:538} INFO - Filling up the DagBag from /opt/airflow/dags/etl_pipeline.py
[2026-05-08T13:57:39.361+0000] {processor.py:840} INFO - DAG(s) 'etl_pipeline' retrieved from /opt/airflow/dags/etl_pipeline.py
[2026-05-08T13:57:39.371+0000] {logging_mixin.py:188} INFO - [2026-05-08T13:57:39.371+0000] {dag.py:3036} INFO - Sync 1 DAGs
[2026-05-08T13:57:39.379+0000] {logging_mixin.py:188} INFO - [2026-05-08T13:57:39.379+0000] {dag.py:3823} INFO - Setting next_dagrun for etl_pipeline to 2026-05-08 03:00:00+00:00, run_after=2026-05-09 03:00:00+00:00
[2026-05-08T13:57:39.385+0000] {processor.py:183} INFO - Processing /opt/airflow/dags/etl_pipeline.py took 0.129 seconds
[2026-05-08T14:06:34.459+0000] {processor.py:161} INFO - Started process (PID=245) to work on /opt/airflow/dags/etl_pipeline.py
[2026-05-08T14:06:34.460+0000] {processor.py:830} INFO - Processing file /opt/airflow/dags/etl_pipeline.py for tasks to queue
[2026-05-08T14:06:34.460+0000] {logging_mixin.py:188} INFO - [2026-05-08T14:06:34.460+0000] {dagbag.py:538} INFO - Filling up the DagBag from /opt/airflow/dags/etl_pipeline.py
[2026-05-08T14:06:34.576+0000] {processor.py:840} INFO - DAG(s) 'etl_pipeline' retrieved from /opt/airflow/dags/etl_pipeline.py
[2026-05-08T14:06:34.589+0000] {logging_mixin.py:188} INFO - [2026-05-08T14:06:34.589+0000] {dag.py:3036} INFO - Sync 1 DAGs
[2026-05-08T14:06:34.602+0000] {logging_mixin.py:188} INFO - [2026-05-08T14:06:34.602+0000] {dag.py:3823} INFO - Setting next_dagrun for etl_pipeline to 2026-05-08 03:00:00+00:00, run_after=2026-05-09 03:00:00+00:00
[2026-05-08T14:06:34.613+0000] {processor.py:183} INFO - Processing /opt/airflow/dags/etl_pipeline.py took 0.155 seconds
[2026-05-08T14:07:04.904+0000] {processor.py:161} INFO - Started process (PID=251) to work on /opt/airflow/dags/etl_pipeline.py
[2026-05-08T14:07:04.905+0000] {processor.py:830} INFO - Processing file /opt/airflow/dags/etl_pipeline.py for tasks to queue
[2026-05-08T14:07:04.906+0000] {logging_mixin.py:188} INFO - [2026-05-08T14:07:04.905+0000] {dagbag.py:538} INFO - Filling up the DagBag from /opt/airflow/dags/etl_pipeline.py
[2026-05-08T14:07:05.014+0000] {processor.py:840} INFO - DAG(s) 'etl_pipeline' retrieved from /opt/airflow/dags/etl_pipeline.py
[2026-05-08T14:07:05.023+0000] {logging_mixin.py:188} INFO - [2026-05-08T14:07:05.023+0000] {dag.py:3036} INFO - Sync 1 DAGs
[2026-05-08T14:07:05.031+0000] {logging_mixin.py:188} INFO - [2026-05-08T14:07:05.031+0000] {dag.py:3823} INFO - Setting next_dagrun for etl_pipeline to 2026-05-08 03:00:00+00:00, run_after=2026-05-09 03:00:00+00:00
[2026-05-08T14:07:05.037+0000] {processor.py:183} INFO - Processing /opt/airflow/dags/etl_pipeline.py took 0.136 seconds
[2026-05-08T14:07:35.195+0000] {processor.py:161} INFO - Started process (PID=257) to work on /opt/airflow/dags/etl_pipeline.py
[2026-05-08T14:07:35.196+0000] {processor.py:830} INFO - Processing file /opt/airflow/dags/etl_pipeline.py for tasks to queue
[2026-05-08T14:07:35.197+0000] {logging_mixin.py:188} INFO - [2026-05-08T14:07:35.197+0000] {dagbag.py:538} INFO - Filling up the DagBag from /opt/airflow/dags/etl_pipeline.py
[2026-05-08T14:07:35.331+0000] {processor.py:840} INFO - DAG(s) 'etl_pipeline' retrieved from /opt/airflow/dags/etl_pipeline.py
[2026-05-08T14:07:35.344+0000] {logging_mixin.py:188} INFO - [2026-05-08T14:07:35.343+0000] {dag.py:3036} INFO - Sync 1 DAGs
[2026-05-08T14:07:35.354+0000] {logging_mixin.py:188} INFO - [2026-05-08T14:07:35.354+0000] {dag.py:3823} INFO - Setting next_dagrun for etl_pipeline to 2026-05-08 03:00:00+00:00, run_after=2026-05-09 03:00:00+00:00
[2026-05-08T14:07:35.362+0000] {processor.py:183} INFO - Processing /opt/airflow/dags/etl_pipeline.py took 0.170 seconds
[2026-05-08T14:08:05.640+0000] {processor.py:161} INFO - Started process (PID=263) to work on /opt/airflow/dags/etl_pipeline.py
[2026-05-08T14:08:05.641+0000] {processor.py:830} INFO - Processing file /opt/airflow/dags/etl_pipeline.py for tasks to queue
[2026-05-08T14:08:05.642+0000] {logging_mixin.py:188} INFO - [2026-05-08T14:08:05.642+0000] {dagbag.py:538} INFO - Filling up the DagBag from /opt/airflow/dags/etl_pipeline.py
[2026-05-08T14:08:05.748+0000] {processor.py:840} INFO - DAG(s) 'etl_pipeline' retrieved from /opt/airflow/dags/etl_pipeline.py
[2026-05-08T14:08:05.758+0000] {logging_mixin.py:188} INFO - [2026-05-08T14:08:05.758+0000] {dag.py:3036} INFO - Sync 1 DAGs
[2026-05-08T14:08:05.766+0000] {logging_mixin.py:188} INFO - [2026-05-08T14:08:05.765+0000] {dag.py:3823} INFO - Setting next_dagrun for etl_pipeline to 2026-05-08 03:00:00+00:00, run_after=2026-05-09 03:00:00+00:00
[2026-05-08T14:08:05.772+0000] {processor.py:183} INFO - Processing /opt/airflow/dags/etl_pipeline.py took 0.134 seconds
[2026-05-08T14:20:55.964+0000] {processor.py:161} INFO - Started process (PID=269) to work on /opt/airflow/dags/etl_pipeline.py
[2026-05-08T14:20:55.965+0000] {processor.py:830} INFO - Processing file /opt/airflow/dags/etl_pipeline.py for tasks to queue
[2026-05-08T14:20:55.965+0000] {logging_mixin.py:188} INFO - [2026-05-08T14:20:55.965+0000] {dagbag.py:538} INFO - Filling up the DagBag from /opt/airflow/dags/etl_pipeline.py
[2026-05-08T14:20:56.067+0000] {processor.py:840} INFO - DAG(s) 'etl_pipeline' retrieved from /opt/airflow/dags/etl_pipeline.py
[2026-05-08T14:20:56.079+0000] {logging_mixin.py:188} INFO - [2026-05-08T14:20:56.079+0000] {dag.py:3036} INFO - Sync 1 DAGs
[2026-05-08T14:20:56.088+0000] {logging_mixin.py:188} INFO - [2026-05-08T14:20:56.088+0000] {dag.py:3823} INFO - Setting next_dagrun for etl_pipeline to 2026-05-08 03:00:00+00:00, run_after=2026-05-09 03:00:00+00:00
[2026-05-08T14:20:56.095+0000] {processor.py:183} INFO - Processing /opt/airflow/dags/etl_pipeline.py took 0.132 seconds
[2026-05-08T14:21:26.336+0000] {processor.py:161} INFO - Started process (PID=277) to work on /opt/airflow/dags/etl_pipeline.py
[2026-05-08T14:21:26.337+0000] {processor.py:830} INFO - Processing file /opt/airflow/dags/etl_pipeline.py for tasks to queue
[2026-05-08T14:21:26.337+0000] {logging_mixin.py:188} INFO - [2026-05-08T14:21:26.337+0000] {dagbag.py:538} INFO - Filling up the DagBag from /opt/airflow/dags/etl_pipeline.py
[2026-05-08T14:21:26.443+0000] {processor.py:840} INFO - DAG(s) 'etl_pipeline' retrieved from /opt/airflow/dags/etl_pipeline.py
[2026-05-08T14:21:26.452+0000] {logging_mixin.py:188} INFO - [2026-05-08T14:21:26.452+0000] {dag.py:3036} INFO - Sync 1 DAGs
[2026-05-08T14:21:26.459+0000] {logging_mixin.py:188} INFO - [2026-05-08T14:21:26.459+0000] {dag.py:3823} INFO - Setting next_dagrun for etl_pipeline to 2026-05-08 03:00:00+00:00, run_after=2026-05-09 03:00:00+00:00
[2026-05-08T14:21:26.465+0000] {processor.py:183} INFO - Processing /opt/airflow/dags/etl_pipeline.py took 0.133 seconds
[2026-05-08T14:21:56.582+0000] {processor.py:161} INFO - Started process (PID=283) to work on /opt/airflow/dags/etl_pipeline.py
[2026-05-08T14:21:56.583+0000] {processor.py:830} INFO - Processing file /opt/airflow/dags/etl_pipeline.py for tasks to queue
[2026-05-08T14:21:56.583+0000] {logging_mixin.py:188} INFO - [2026-05-08T14:21:56.583+0000] {dagbag.py:538} INFO - Filling up the DagBag from /opt/airflow/dags/etl_pipeline.py
[2026-05-08T14:21:56.687+0000] {processor.py:840} INFO - DAG(s) 'etl_pipeline' retrieved from /opt/airflow/dags/etl_pipeline.py
[2026-05-08T14:21:56.696+0000] {logging_mixin.py:188} INFO - [2026-05-08T14:21:56.696+0000] {dag.py:3036} INFO - Sync 1 DAGs
[2026-05-08T14:21:56.704+0000] {logging_mixin.py:188} INFO - [2026-05-08T14:21:56.704+0000] {dag.py:3823} INFO - Setting next_dagrun for etl_pipeline to 2026-05-08 03:00:00+00:00, run_after=2026-05-09 03:00:00+00:00
[2026-05-08T14:21:56.710+0000] {processor.py:183} INFO - Processing /opt/airflow/dags/etl_pipeline.py took 0.131 seconds
[2026-05-08T14:31:10.663+0000] {processor.py:161} INFO - Started process (PID=289) to work on /opt/airflow/dags/etl_pipeline.py
[2026-05-08T14:31:10.663+0000] {processor.py:830} INFO - Processing file /opt/airflow/dags/etl_pipeline.py for tasks to queue
[2026-05-08T14:31:10.664+0000] {logging_mixin.py:188} INFO - [2026-05-08T14:31:10.664+0000] {dagbag.py:538} INFO - Filling up the DagBag from /opt/airflow/dags/etl_pipeline.py
[2026-05-08T14:31:10.765+0000] {processor.py:840} INFO - DAG(s) 'etl_pipeline' retrieved from /opt/airflow/dags/etl_pipeline.py
[2026-05-08T14:31:10.774+0000] {logging_mixin.py:188} INFO - [2026-05-08T14:31:10.774+0000] {dag.py:3036} INFO - Sync 1 DAGs
[2026-05-08T14:31:10.782+0000] {logging_mixin.py:188} INFO - [2026-05-08T14:31:10.782+0000] {dag.py:3823} INFO - Setting next_dagrun for etl_pipeline to 2026-05-08 03:00:00+00:00, run_after=2026-05-09 03:00:00+00:00
[2026-05-08T14:31:10.787+0000] {processor.py:183} INFO - Processing /opt/airflow/dags/etl_pipeline.py took 0.127 seconds
[2026-05-08T14:49:37.288+0000] {processor.py:161} INFO - Started process (PID=297) to work on /opt/airflow/dags/etl_pipeline.py
[2026-05-08T14:49:37.288+0000] {processor.py:830} INFO - Processing file /opt/airflow/dags/etl_pipeline.py for tasks to queue
[2026-05-08T14:49:37.289+0000] {logging_mixin.py:188} INFO - [2026-05-08T14:49:37.289+0000] {dagbag.py:538} INFO - Filling up the DagBag from /opt/airflow/dags/etl_pipeline.py
[2026-05-08T14:49:37.388+0000] {processor.py:840} INFO - DAG(s) 'etl_pipeline' retrieved from /opt/airflow/dags/etl_pipeline.py
[2026-05-08T14:49:37.397+0000] {logging_mixin.py:188} INFO - [2026-05-08T14:49:37.397+0000] {dag.py:3036} INFO - Sync 1 DAGs
[2026-05-08T14:49:37.405+0000] {logging_mixin.py:188} INFO - [2026-05-08T14:49:37.404+0000] {dag.py:3823} INFO - Setting next_dagrun for etl_pipeline to 2026-05-08 03:00:00+00:00, run_after=2026-05-09 03:00:00+00:00
[2026-05-08T14:49:37.411+0000] {processor.py:183} INFO - Processing /opt/airflow/dags/etl_pipeline.py took 0.125 seconds
[2026-05-08T15:24:21.389+0000] {processor.py:161} INFO - Started process (PID=303) to work on /opt/airflow/dags/etl_pipeline.py
[2026-05-08T15:24:21.390+0000] {processor.py:830} INFO - Processing file /opt/airflow/dags/etl_pipeline.py for tasks to queue
[2026-05-08T15:24:21.390+0000] {logging_mixin.py:188} INFO - [2026-05-08T15:24:21.390+0000] {dagbag.py:538} INFO - Filling up the DagBag from /opt/airflow/dags/etl_pipeline.py
[2026-05-08T15:24:21.645+0000] {processor.py:840} INFO - DAG(s) 'etl_pipeline' retrieved from /opt/airflow/dags/etl_pipeline.py
[2026-05-08T15:24:21.659+0000] {logging_mixin.py:188} INFO - [2026-05-08T15:24:21.659+0000] {dag.py:3036} INFO - Sync 1 DAGs
[2026-05-08T15:24:21.669+0000] {logging_mixin.py:188} INFO - [2026-05-08T15:24:21.668+0000] {dag.py:3823} INFO - Setting next_dagrun for etl_pipeline to 2026-05-08 03:00:00+00:00, run_after=2026-05-09 03:00:00+00:00
[2026-05-08T15:24:21.676+0000] {processor.py:183} INFO - Processing /opt/airflow/dags/etl_pipeline.py took 0.289 seconds
[2026-05-08T15:29:49.533+0000] {processor.py:161} INFO - Started process (PID=309) to work on /opt/airflow/dags/etl_pipeline.py
[2026-05-08T15:29:49.534+0000] {processor.py:830} INFO - Processing file /opt/airflow/dags/etl_pipeline.py for tasks to queue
[2026-05-08T15:29:49.534+0000] {logging_mixin.py:188} INFO - [2026-05-08T15:29:49.534+0000] {dagbag.py:538} INFO - Filling up the DagBag from /opt/airflow/dags/etl_pipeline.py
[2026-05-08T15:29:49.636+0000] {processor.py:840} INFO - DAG(s) 'etl_pipeline' retrieved from /opt/airflow/dags/etl_pipeline.py
[2026-05-08T15:29:49.646+0000] {logging_mixin.py:188} INFO - [2026-05-08T15:29:49.646+0000] {dag.py:3036} INFO - Sync 1 DAGs
[2026-05-08T15:29:49.654+0000] {logging_mixin.py:188} INFO - [2026-05-08T15:29:49.654+0000] {dag.py:3823} INFO - Setting next_dagrun for etl_pipeline to 2026-05-08 03:00:00+00:00, run_after=2026-05-09 03:00:00+00:00
[2026-05-08T15:29:49.660+0000] {processor.py:183} INFO - Processing /opt/airflow/dags/etl_pipeline.py took 0.129 seconds
[2026-05-08T16:03:21.047+0000] {processor.py:161} INFO - Started process (PID=315) to work on /opt/airflow/dags/etl_pipeline.py
[2026-05-08T16:03:21.048+0000] {processor.py:830} INFO - Processing file /opt/airflow/dags/etl_pipeline.py for tasks to queue
[2026-05-08T16:03:21.049+0000] {logging_mixin.py:188} INFO - [2026-05-08T16:03:21.048+0000] {dagbag.py:538} INFO - Filling up the DagBag from /opt/airflow/dags/etl_pipeline.py
[2026-05-08T16:03:21.178+0000] {processor.py:840} INFO - DAG(s) 'etl_pipeline' retrieved from /opt/airflow/dags/etl_pipeline.py
[2026-05-08T16:03:21.191+0000] {logging_mixin.py:188} INFO - [2026-05-08T16:03:21.191+0000] {dag.py:3036} INFO - Sync 1 DAGs
[2026-05-08T16:03:21.201+0000] {logging_mixin.py:188} INFO - [2026-05-08T16:03:21.201+0000] {dag.py:3823} INFO - Setting next_dagrun for etl_pipeline to 2026-05-08 03:00:00+00:00, run_after=2026-05-09 03:00:00+00:00
[2026-05-08T16:03:21.210+0000] {processor.py:183} INFO - Processing /opt/airflow/dags/etl_pipeline.py took 0.164 seconds
[2026-05-08T16:20:21.497+0000] {processor.py:161} INFO - Started process (PID=321) to work on /opt/airflow/dags/etl_pipeline.py
[2026-05-08T16:20:21.497+0000] {processor.py:830} INFO - Processing file /opt/airflow/dags/etl_pipeline.py for tasks to queue
[2026-05-08T16:20:21.498+0000] {logging_mixin.py:188} INFO - [2026-05-08T16:20:21.498+0000] {dagbag.py:538} INFO - Filling up the DagBag from /opt/airflow/dags/etl_pipeline.py
[2026-05-08T16:20:21.617+0000] {processor.py:840} INFO - DAG(s) 'etl_pipeline' retrieved from /opt/airflow/dags/etl_pipeline.py
[2026-05-08T16:20:21.628+0000] {logging_mixin.py:188} INFO - [2026-05-08T16:20:21.628+0000] {dag.py:3036} INFO - Sync 1 DAGs
[2026-05-08T16:20:21.636+0000] {logging_mixin.py:188} INFO - [2026-05-08T16:20:21.636+0000] {dag.py:3823} INFO - Setting next_dagrun for etl_pipeline to 2026-05-08 03:00:00+00:00, run_after=2026-05-09 03:00:00+00:00
[2026-05-08T16:20:21.642+0000] {processor.py:183} INFO - Processing /opt/airflow/dags/etl_pipeline.py took 0.147 seconds
[2026-05-08T16:23:22.633+0000] {processor.py:161} INFO - Started process (PID=329) to work on /opt/airflow/dags/etl_pipeline.py
[2026-05-08T16:23:22.634+0000] {processor.py:830} INFO - Processing file /opt/airflow/dags/etl_pipeline.py for tasks to queue
[2026-05-08T16:23:22.635+0000] {logging_mixin.py:188} INFO - [2026-05-08T16:23:22.634+0000] {dagbag.py:538} INFO - Filling up the DagBag from /opt/airflow/dags/etl_pipeline.py
[2026-05-08T16:23:22.739+0000] {processor.py:840} INFO - DAG(s) 'etl_pipeline' retrieved from /opt/airflow/dags/etl_pipeline.py
[2026-05-08T16:23:22.749+0000] {logging_mixin.py:188} INFO - [2026-05-08T16:23:22.749+0000] {dag.py:3036} INFO - Sync 1 DAGs
[2026-05-08T16:23:22.757+0000] {logging_mixin.py:188} INFO - [2026-05-08T16:23:22.757+0000] {dag.py:3823} INFO - Setting next_dagrun for etl_pipeline to 2026-05-08 03:00:00+00:00, run_after=2026-05-09 03:00:00+00:00
[2026-05-08T16:23:22.763+0000] {processor.py:183} INFO - Processing /opt/airflow/dags/etl_pipeline.py took 0.132 seconds
[2026-05-08T16:57:09.507+0000] {processor.py:161} INFO - Started process (PID=335) to work on /opt/airflow/dags/etl_pipeline.py
[2026-05-08T16:57:09.508+0000] {processor.py:830} INFO - Processing file /opt/airflow/dags/etl_pipeline.py for tasks to queue
[2026-05-08T16:57:09.508+0000] {logging_mixin.py:188} INFO - [2026-05-08T16:57:09.508+0000] {dagbag.py:538} INFO - Filling up the DagBag from /opt/airflow/dags/etl_pipeline.py
[2026-05-08T16:57:09.598+0000] {processor.py:840} INFO - DAG(s) 'etl_pipeline' retrieved from /opt/airflow/dags/etl_pipeline.py
[2026-05-08T16:57:09.611+0000] {logging_mixin.py:188} INFO - [2026-05-08T16:57:09.611+0000] {dag.py:3036} INFO - Sync 1 DAGs
[2026-05-08T16:57:09.619+0000] {logging_mixin.py:188} INFO - [2026-05-08T16:57:09.619+0000] {dag.py:3823} INFO - Setting next_dagrun for etl_pipeline to 2026-05-08 03:00:00+00:00, run_after=2026-05-09 03:00:00+00:00
[2026-05-08T16:57:09.627+0000] {processor.py:183} INFO - Processing /opt/airflow/dags/etl_pipeline.py took 0.121 seconds
[2026-05-08T16:57:39.707+0000] {processor.py:161} INFO - Started process (PID=341) to work on /opt/airflow/dags/etl_pipeline.py
[2026-05-08T16:57:39.708+0000] {processor.py:830} INFO - Processing file /opt/airflow/dags/etl_pipeline.py for tasks to queue
[2026-05-08T16:57:39.709+0000] {logging_mixin.py:188} INFO - [2026-05-08T16:57:39.708+0000] {dagbag.py:538} INFO - Filling up the DagBag from /opt/airflow/dags/etl_pipeline.py
[2026-05-08T16:57:39.810+0000] {processor.py:840} INFO - DAG(s) 'etl_pipeline' retrieved from /opt/airflow/dags/etl_pipeline.py
[2026-05-08T16:57:39.820+0000] {logging_mixin.py:188} INFO - [2026-05-08T16:57:39.820+0000] {dag.py:3036} INFO - Sync 1 DAGs
[2026-05-08T16:57:39.828+0000] {logging_mixin.py:188} INFO - [2026-05-08T16:57:39.828+0000] {dag.py:3823} INFO - Setting next_dagrun for etl_pipeline to 2026-05-08 03:00:00+00:00, run_after=2026-05-09 03:00:00+00:00
[2026-05-08T16:57:39.834+0000] {processor.py:183} INFO - Processing /opt/airflow/dags/etl_pipeline.py took 0.128 seconds
[2026-05-08T17:14:34.973+0000] {processor.py:161} INFO - Started process (PID=349) to work on /opt/airflow/dags/etl_pipeline.py
[2026-05-08T17:14:34.973+0000] {processor.py:830} INFO - Processing file /opt/airflow/dags/etl_pipeline.py for tasks to queue
[2026-05-08T17:14:34.974+0000] {logging_mixin.py:188} INFO - [2026-05-08T17:14:34.974+0000] {dagbag.py:538} INFO - Filling up the DagBag from /opt/airflow/dags/etl_pipeline.py
[2026-05-08T17:14:35.106+0000] {processor.py:840} INFO - DAG(s) 'etl_pipeline' retrieved from /opt/airflow/dags/etl_pipeline.py
[2026-05-08T17:14:35.119+0000] {logging_mixin.py:188} INFO - [2026-05-08T17:14:35.119+0000] {dag.py:3036} INFO - Sync 1 DAGs
[2026-05-08T17:14:35.130+0000] {logging_mixin.py:188} INFO - [2026-05-08T17:14:35.130+0000] {dag.py:3823} INFO - Setting next_dagrun for etl_pipeline to 2026-05-08 03:00:00+00:00, run_after=2026-05-09 03:00:00+00:00
[2026-05-08T17:14:35.138+0000] {processor.py:183} INFO - Processing /opt/airflow/dags/etl_pipeline.py took 0.168 seconds
[2026-05-08T17:24:05.181+0000] {processor.py:161} INFO - Started process (PID=355) to work on /opt/airflow/dags/etl_pipeline.py
[2026-05-08T17:24:05.181+0000] {processor.py:830} INFO - Processing file /opt/airflow/dags/etl_pipeline.py for tasks to queue
[2026-05-08T17:24:05.182+0000] {logging_mixin.py:188} INFO - [2026-05-08T17:24:05.182+0000] {dagbag.py:538} INFO - Filling up the DagBag from /opt/airflow/dags/etl_pipeline.py
[2026-05-08T17:24:05.285+0000] {processor.py:840} INFO - DAG(s) 'etl_pipeline' retrieved from /opt/airflow/dags/etl_pipeline.py
[2026-05-08T17:24:05.295+0000] {logging_mixin.py:188} INFO - [2026-05-08T17:24:05.295+0000] {dag.py:3036} INFO - Sync 1 DAGs
[2026-05-08T17:24:05.303+0000] {logging_mixin.py:188} INFO - [2026-05-08T17:24:05.303+0000] {dag.py:3823} INFO - Setting next_dagrun for etl_pipeline to 2026-05-08 03:00:00+00:00, run_after=2026-05-09 03:00:00+00:00
[2026-05-08T17:24:05.309+0000] {processor.py:183} INFO - Processing /opt/airflow/dags/etl_pipeline.py took 0.131 seconds
[2026-05-08T17:24:35.596+0000] {processor.py:161} INFO - Started process (PID=361) to work on /opt/airflow/dags/etl_pipeline.py
[2026-05-08T17:24:35.597+0000] {processor.py:830} INFO - Processing file /opt/airflow/dags/etl_pipeline.py for tasks to queue
[2026-05-08T17:24:35.598+0000] {logging_mixin.py:188} INFO - [2026-05-08T17:24:35.598+0000] {dagbag.py:538} INFO - Filling up the DagBag from /opt/airflow/dags/etl_pipeline.py
[2026-05-08T17:24:35.704+0000] {processor.py:840} INFO - DAG(s) 'etl_pipeline' retrieved from /opt/airflow/dags/etl_pipeline.py
[2026-05-08T17:24:35.714+0000] {logging_mixin.py:188} INFO - [2026-05-08T17:24:35.714+0000] {dag.py:3036} INFO - Sync 1 DAGs
[2026-05-08T17:24:35.722+0000] {logging_mixin.py:188} INFO - [2026-05-08T17:24:35.722+0000] {dag.py:3823} INFO - Setting next_dagrun for etl_pipeline to 2026-05-08 03:00:00+00:00, run_after=2026-05-09 03:00:00+00:00
[2026-05-08T17:24:35.728+0000] {processor.py:183} INFO - Processing /opt/airflow/dags/etl_pipeline.py took 0.134 seconds
[2026-05-08T18:15:35.266+0000] {processor.py:161} INFO - Started process (PID=367) to work on /opt/airflow/dags/etl_pipeline.py
[2026-05-08T18:15:35.267+0000] {processor.py:830} INFO - Processing file /opt/airflow/dags/etl_pipeline.py for tasks to queue
[2026-05-08T18:15:35.267+0000] {logging_mixin.py:188} INFO - [2026-05-08T18:15:35.267+0000] {dagbag.py:538} INFO - Filling up the DagBag from /opt/airflow/dags/etl_pipeline.py
[2026-05-08T18:15:35.372+0000] {processor.py:840} INFO - DAG(s) 'etl_pipeline' retrieved from /opt/airflow/dags/etl_pipeline.py
[2026-05-08T18:15:35.387+0000] {logging_mixin.py:188} INFO - [2026-05-08T18:15:35.387+0000] {dag.py:3036} INFO - Sync 1 DAGs
[2026-05-08T18:15:35.396+0000] {logging_mixin.py:188} INFO - [2026-05-08T18:15:35.396+0000] {dag.py:3823} INFO - Setting next_dagrun for etl_pipeline to 2026-05-08 03:00:00+00:00, run_after=2026-05-09 03:00:00+00:00
[2026-05-08T18:15:35.403+0000] {processor.py:183} INFO - Processing /opt/airflow/dags/etl_pipeline.py took 0.138 seconds
[2026-05-08T18:25:05.548+0000] {processor.py:161} INFO - Started process (PID=375) to work on /opt/airflow/dags/etl_pipeline.py
[2026-05-08T18:25:05.548+0000] {processor.py:830} INFO - Processing file /opt/airflow/dags/etl_pipeline.py for tasks to queue
[2026-05-08T18:25:05.549+0000] {logging_mixin.py:188} INFO - [2026-05-08T18:25:05.549+0000] {dagbag.py:538} INFO - Filling up the DagBag from /opt/airflow/dags/etl_pipeline.py
[2026-05-08T18:25:05.651+0000] {processor.py:840} INFO - DAG(s) 'etl_pipeline' retrieved from /opt/airflow/dags/etl_pipeline.py
[2026-05-08T18:25:05.661+0000] {logging_mixin.py:188} INFO - [2026-05-08T18:25:05.661+0000] {dag.py:3036} INFO - Sync 1 DAGs
[2026-05-08T18:25:05.668+0000] {logging_mixin.py:188} INFO - [2026-05-08T18:25:05.668+0000] {dag.py:3823} INFO - Setting next_dagrun for etl_pipeline to 2026-05-08 03:00:00+00:00, run_after=2026-05-09 03:00:00+00:00
[2026-05-08T18:25:05.674+0000] {processor.py:183} INFO - Processing /opt/airflow/dags/etl_pipeline.py took 0.128 seconds
[2026-05-08T18:25:35.862+0000] {processor.py:161} INFO - Started process (PID=381) to work on /opt/airflow/dags/etl_pipeline.py
[2026-05-08T18:25:35.862+0000] {processor.py:830} INFO - Processing file /opt/airflow/dags/etl_pipeline.py for tasks to queue
[2026-05-08T18:25:35.863+0000] {logging_mixin.py:188} INFO - [2026-05-08T18:25:35.863+0000] {dagbag.py:538} INFO - Filling up the DagBag from /opt/airflow/dags/etl_pipeline.py
[2026-05-08T18:25:35.965+0000] {processor.py:840} INFO - DAG(s) 'etl_pipeline' retrieved from /opt/airflow/dags/etl_pipeline.py
[2026-05-08T18:25:35.974+0000] {logging_mixin.py:188} INFO - [2026-05-08T18:25:35.974+0000] {dag.py:3036} INFO - Sync 1 DAGs
[2026-05-08T18:25:35.981+0000] {logging_mixin.py:188} INFO - [2026-05-08T18:25:35.981+0000] {dag.py:3823} INFO - Setting next_dagrun for etl_pipeline to 2026-05-08 03:00:00+00:00, run_after=2026-05-09 03:00:00+00:00
[2026-05-08T18:25:35.988+0000] {processor.py:183} INFO - Processing /opt/airflow/dags/etl_pipeline.py took 0.129 seconds
[2026-05-08T19:17:21.462+0000] {processor.py:161} INFO - Started process (PID=387) to work on /opt/airflow/dags/etl_pipeline.py
[2026-05-08T19:17:21.463+0000] {processor.py:830} INFO - Processing file /opt/airflow/dags/etl_pipeline.py for tasks to queue
[2026-05-08T19:17:21.463+0000] {logging_mixin.py:188} INFO - [2026-05-08T19:17:21.463+0000] {dagbag.py:538} INFO - Filling up the DagBag from /opt/airflow/dags/etl_pipeline.py
[2026-05-08T19:17:21.569+0000] {processor.py:840} INFO - DAG(s) 'etl_pipeline' retrieved from /opt/airflow/dags/etl_pipeline.py
[2026-05-08T19:17:21.580+0000] {logging_mixin.py:188} INFO - [2026-05-08T19:17:21.580+0000] {dag.py:3036} INFO - Sync 1 DAGs
[2026-05-08T19:17:21.588+0000] {logging_mixin.py:188} INFO - [2026-05-08T19:17:21.588+0000] {dag.py:3823} INFO - Setting next_dagrun for etl_pipeline to 2026-05-08 03:00:00+00:00, run_after=2026-05-09 03:00:00+00:00
[2026-05-08T19:17:21.596+0000] {processor.py:183} INFO - Processing /opt/airflow/dags/etl_pipeline.py took 0.135 seconds
[2026-05-08T19:26:05.639+0000] {processor.py:161} INFO - Started process (PID=393) to work on /opt/airflow/dags/etl_pipeline.py
[2026-05-08T19:26:05.639+0000] {processor.py:830} INFO - Processing file /opt/airflow/dags/etl_pipeline.py for tasks to queue
[2026-05-08T19:26:05.640+0000] {logging_mixin.py:188} INFO - [2026-05-08T19:26:05.639+0000] {dagbag.py:538} INFO - Filling up the DagBag from /opt/airflow/dags/etl_pipeline.py
[2026-05-08T19:26:05.743+0000] {processor.py:840} INFO - DAG(s) 'etl_pipeline' retrieved from /opt/airflow/dags/etl_pipeline.py
[2026-05-08T19:26:05.753+0000] {logging_mixin.py:188} INFO - [2026-05-08T19:26:05.753+0000] {dag.py:3036} INFO - Sync 1 DAGs
[2026-05-08T19:26:05.760+0000] {logging_mixin.py:188} INFO - [2026-05-08T19:26:05.760+0000] {dag.py:3823} INFO - Setting next_dagrun for etl_pipeline to 2026-05-08 03:00:00+00:00, run_after=2026-05-09 03:00:00+00:00
[2026-05-08T19:26:05.766+0000] {processor.py:183} INFO - Processing /opt/airflow/dags/etl_pipeline.py took 0.131 seconds
[2026-05-08T19:26:36.075+0000] {processor.py:161} INFO - Started process (PID=399) to work on /opt/airflow/dags/etl_pipeline.py
[2026-05-08T19:26:36.076+0000] {processor.py:830} INFO - Processing file /opt/airflow/dags/etl_pipeline.py for tasks to queue
[2026-05-08T19:26:36.077+0000] {logging_mixin.py:188} INFO - [2026-05-08T19:26:36.076+0000] {dagbag.py:538} INFO - Filling up the DagBag from /opt/airflow/dags/etl_pipeline.py
[2026-05-08T19:26:36.183+0000] {processor.py:840} INFO - DAG(s) 'etl_pipeline' retrieved from /opt/airflow/dags/etl_pipeline.py
[2026-05-08T19:26:36.192+0000] {logging_mixin.py:188} INFO - [2026-05-08T19:26:36.192+0000] {dag.py:3036} INFO - Sync 1 DAGs
[2026-05-08T19:26:36.200+0000] {logging_mixin.py:188} INFO - [2026-05-08T19:26:36.200+0000] {dag.py:3823} INFO - Setting next_dagrun for etl_pipeline to 2026-05-08 03:00:00+00:00, run_after=2026-05-09 03:00:00+00:00
[2026-05-08T19:26:36.206+0000] {processor.py:183} INFO - Processing /opt/airflow/dags/etl_pipeline.py took 0.134 seconds
[2026-05-08T19:42:30.491+0000] {processor.py:161} INFO - Started process (PID=405) to work on /opt/airflow/dags/etl_pipeline.py
[2026-05-08T19:42:30.491+0000] {processor.py:830} INFO - Processing file /opt/airflow/dags/etl_pipeline.py for tasks to queue
[2026-05-08T19:42:30.491+0000] {logging_mixin.py:188} INFO - [2026-05-08T19:42:30.491+0000] {dagbag.py:538} INFO - Filling up the DagBag from /opt/airflow/dags/etl_pipeline.py
[2026-05-08T19:42:30.590+0000] {processor.py:840} INFO - DAG(s) 'etl_pipeline' retrieved from /opt/airflow/dags/etl_pipeline.py
[2026-05-08T19:42:30.601+0000] {logging_mixin.py:188} INFO - [2026-05-08T19:42:30.600+0000] {dag.py:3036} INFO - Sync 1 DAGs
[2026-05-08T19:42:30.608+0000] {logging_mixin.py:188} INFO - [2026-05-08T19:42:30.608+0000] {dag.py:3823} INFO - Setting next_dagrun for etl_pipeline to 2026-05-08 03:00:00+00:00, run_after=2026-05-09 03:00:00+00:00
[2026-05-08T19:42:30.613+0000] {processor.py:183} INFO - Processing /opt/airflow/dags/etl_pipeline.py took 0.125 seconds
[2026-05-08T19:58:45.111+0000] {processor.py:161} INFO - Started process (PID=411) to work on /opt/airflow/dags/etl_pipeline.py
[2026-05-08T19:58:45.111+0000] {processor.py:830} INFO - Processing file /opt/airflow/dags/etl_pipeline.py for tasks to queue
[2026-05-08T19:58:45.111+0000] {logging_mixin.py:188} INFO - [2026-05-08T19:58:45.111+0000] {dagbag.py:538} INFO - Filling up the DagBag from /opt/airflow/dags/etl_pipeline.py
[2026-05-08T19:58:45.215+0000] {processor.py:840} INFO - DAG(s) 'etl_pipeline' retrieved from /opt/airflow/dags/etl_pipeline.py
[2026-05-08T19:58:45.229+0000] {logging_mixin.py:188} INFO - [2026-05-08T19:58:45.228+0000] {dag.py:3036} INFO - Sync 1 DAGs
[2026-05-08T19:58:45.239+0000] {logging_mixin.py:188} INFO - [2026-05-08T19:58:45.239+0000] {dag.py:3823} INFO - Setting next_dagrun for etl_pipeline to 2026-05-08 03:00:00+00:00, run_after=2026-05-09 03:00:00+00:00
[2026-05-08T19:58:45.247+0000] {processor.py:183} INFO - Processing /opt/airflow/dags/etl_pipeline.py took 0.137 seconds
[2026-05-08T20:15:50.138+0000] {processor.py:161} INFO - Started process (PID=417) to work on /opt/airflow/dags/etl_pipeline.py
[2026-05-08T20:15:50.138+0000] {processor.py:830} INFO - Processing file /opt/airflow/dags/etl_pipeline.py for tasks to queue
[2026-05-08T20:15:50.139+0000] {logging_mixin.py:188} INFO - [2026-05-08T20:15:50.139+0000] {dagbag.py:538} INFO - Filling up the DagBag from /opt/airflow/dags/etl_pipeline.py
[2026-05-08T20:15:50.242+0000] {processor.py:840} INFO - DAG(s) 'etl_pipeline' retrieved from /opt/airflow/dags/etl_pipeline.py
[2026-05-08T20:15:50.253+0000] {logging_mixin.py:188} INFO - [2026-05-08T20:15:50.253+0000] {dag.py:3036} INFO - Sync 1 DAGs
[2026-05-08T20:15:50.262+0000] {logging_mixin.py:188} INFO - [2026-05-08T20:15:50.262+0000] {dag.py:3823} INFO - Setting next_dagrun for etl_pipeline to 2026-05-08 03:00:00+00:00, run_after=2026-05-09 03:00:00+00:00
[2026-05-08T20:15:50.269+0000] {processor.py:183} INFO - Processing /opt/airflow/dags/etl_pipeline.py took 0.133 seconds
[2026-05-08T20:16:20.516+0000] {processor.py:161} INFO - Started process (PID=423) to work on /opt/airflow/dags/etl_pipeline.py
[2026-05-08T20:16:20.516+0000] {processor.py:830} INFO - Processing file /opt/airflow/dags/etl_pipeline.py for tasks to queue
[2026-05-08T20:16:20.517+0000] {logging_mixin.py:188} INFO - [2026-05-08T20:16:20.516+0000] {dagbag.py:538} INFO - Filling up the DagBag from /opt/airflow/dags/etl_pipeline.py
[2026-05-08T20:16:20.613+0000] {processor.py:840} INFO - DAG(s) 'etl_pipeline' retrieved from /opt/airflow/dags/etl_pipeline.py
[2026-05-08T20:16:20.623+0000] {logging_mixin.py:188} INFO - [2026-05-08T20:16:20.623+0000] {dag.py:3036} INFO - Sync 1 DAGs
[2026-05-08T20:16:20.630+0000] {logging_mixin.py:188} INFO - [2026-05-08T20:16:20.630+0000] {dag.py:3823} INFO - Setting next_dagrun for etl_pipeline to 2026-05-08 03:00:00+00:00, run_after=2026-05-09 03:00:00+00:00
[2026-05-08T20:16:20.637+0000] {processor.py:183} INFO - Processing /opt/airflow/dags/etl_pipeline.py took 0.123 seconds
[2026-05-08T20:27:13.501+0000] {processor.py:161} INFO - Started process (PID=431) to work on /opt/airflow/dags/etl_pipeline.py
[2026-05-08T20:27:13.502+0000] {processor.py:830} INFO - Processing file /opt/airflow/dags/etl_pipeline.py for tasks to queue
[2026-05-08T20:27:13.502+0000] {logging_mixin.py:188} INFO - [2026-05-08T20:27:13.502+0000] {dagbag.py:538} INFO - Filling up the DagBag from /opt/airflow/dags/etl_pipeline.py
[2026-05-08T20:27:13.605+0000] {processor.py:840} INFO - DAG(s) 'etl_pipeline' retrieved from /opt/airflow/dags/etl_pipeline.py
[2026-05-08T20:27:13.617+0000] {logging_mixin.py:188} INFO - [2026-05-08T20:27:13.617+0000] {dag.py:3036} INFO - Sync 1 DAGs
[2026-05-08T20:27:13.625+0000] {logging_mixin.py:188} INFO - [2026-05-08T20:27:13.625+0000] {dag.py:3823} INFO - Setting next_dagrun for etl_pipeline to 2026-05-08 03:00:00+00:00, run_after=2026-05-09 03:00:00+00:00
[2026-05-08T20:27:13.633+0000] {processor.py:183} INFO - Processing /opt/airflow/dags/etl_pipeline.py took 0.133 seconds
[2026-05-08T21:01:19.020+0000] {processor.py:161} INFO - Started process (PID=437) to work on /opt/airflow/dags/etl_pipeline.py
[2026-05-08T21:01:19.021+0000] {processor.py:830} INFO - Processing file /opt/airflow/dags/etl_pipeline.py for tasks to queue
[2026-05-08T21:01:19.023+0000] {logging_mixin.py:188} INFO - [2026-05-08T21:01:19.022+0000] {dagbag.py:538} INFO - Filling up the DagBag from /opt/airflow/dags/etl_pipeline.py
[2026-05-08T21:01:19.122+0000] {processor.py:840} INFO - DAG(s) 'etl_pipeline' retrieved from /opt/airflow/dags/etl_pipeline.py
[2026-05-08T21:01:19.133+0000] {logging_mixin.py:188} INFO - [2026-05-08T21:01:19.133+0000] {dag.py:3036} INFO - Sync 1 DAGs
[2026-05-08T21:01:19.142+0000] {logging_mixin.py:188} INFO - [2026-05-08T21:01:19.142+0000] {dag.py:3823} INFO - Setting next_dagrun for etl_pipeline to 2026-05-08 03:00:00+00:00, run_after=2026-05-09 03:00:00+00:00
[2026-05-08T21:01:19.150+0000] {processor.py:183} INFO - Processing /opt/airflow/dags/etl_pipeline.py took 0.132 seconds
[2026-05-08T21:01:49.415+0000] {processor.py:161} INFO - Started process (PID=443) to work on /opt/airflow/dags/etl_pipeline.py
[2026-05-08T21:01:49.416+0000] {processor.py:830} INFO - Processing file /opt/airflow/dags/etl_pipeline.py for tasks to queue
[2026-05-08T21:01:49.417+0000] {logging_mixin.py:188} INFO - [2026-05-08T21:01:49.417+0000] {dagbag.py:538} INFO - Filling up the DagBag from /opt/airflow/dags/etl_pipeline.py
[2026-05-08T21:01:49.525+0000] {processor.py:840} INFO - DAG(s) 'etl_pipeline' retrieved from /opt/airflow/dags/etl_pipeline.py
[2026-05-08T21:01:49.535+0000] {logging_mixin.py:188} INFO - [2026-05-08T21:01:49.535+0000] {dag.py:3036} INFO - Sync 1 DAGs
[2026-05-08T21:01:49.542+0000] {logging_mixin.py:188} INFO - [2026-05-08T21:01:49.542+0000] {dag.py:3823} INFO - Setting next_dagrun for etl_pipeline to 2026-05-08 03:00:00+00:00, run_after=2026-05-09 03:00:00+00:00
[2026-05-08T21:01:49.548+0000] {processor.py:183} INFO - Processing /opt/airflow/dags/etl_pipeline.py took 0.136 seconds
[2026-05-08T21:28:08.423+0000] {processor.py:161} INFO - Started process (PID=451) to work on /opt/airflow/dags/etl_pipeline.py
[2026-05-08T21:28:08.424+0000] {processor.py:830} INFO - Processing file /opt/airflow/dags/etl_pipeline.py for tasks to queue
[2026-05-08T21:28:08.424+0000] {logging_mixin.py:188} INFO - [2026-05-08T21:28:08.424+0000] {dagbag.py:538} INFO - Filling up the DagBag from /opt/airflow/dags/etl_pipeline.py
[2026-05-08T21:28:08.533+0000] {processor.py:840} INFO - DAG(s) 'etl_pipeline' retrieved from /opt/airflow/dags/etl_pipeline.py
[2026-05-08T21:28:08.545+0000] {logging_mixin.py:188} INFO - [2026-05-08T21:28:08.545+0000] {dag.py:3036} INFO - Sync 1 DAGs
[2026-05-08T21:28:08.554+0000] {logging_mixin.py:188} INFO - [2026-05-08T21:28:08.554+0000] {dag.py:3823} INFO - Setting next_dagrun for etl_pipeline to 2026-05-08 03:00:00+00:00, run_after=2026-05-09 03:00:00+00:00
[2026-05-08T21:28:08.560+0000] {processor.py:183} INFO - Processing /opt/airflow/dags/etl_pipeline.py took 0.138 seconds
[2026-05-08T21:28:38.896+0000] {processor.py:161} INFO - Started process (PID=457) to work on /opt/airflow/dags/etl_pipeline.py
[2026-05-08T21:28:38.897+0000] {processor.py:830} INFO - Processing file /opt/airflow/dags/etl_pipeline.py for tasks to queue
[2026-05-08T21:28:38.897+0000] {logging_mixin.py:188} INFO - [2026-05-08T21:28:38.897+0000] {dagbag.py:538} INFO - Filling up the DagBag from /opt/airflow/dags/etl_pipeline.py
[2026-05-08T21:28:39.000+0000] {processor.py:840} INFO - DAG(s) 'etl_pipeline' retrieved from /opt/airflow/dags/etl_pipeline.py
[2026-05-08T21:28:39.010+0000] {logging_mixin.py:188} INFO - [2026-05-08T21:28:39.010+0000] {dag.py:3036} INFO - Sync 1 DAGs
[2026-05-08T21:28:39.017+0000] {logging_mixin.py:188} INFO - [2026-05-08T21:28:39.017+0000] {dag.py:3823} INFO - Setting next_dagrun for etl_pipeline to 2026-05-08 03:00:00+00:00, run_after=2026-05-09 03:00:00+00:00
[2026-05-08T21:28:39.024+0000] {processor.py:183} INFO - Processing /opt/airflow/dags/etl_pipeline.py took 0.130 seconds
[2026-05-08T22:29:05.087+0000] {processor.py:161} INFO - Started process (PID=463) to work on /opt/airflow/dags/etl_pipeline.py
[2026-05-08T22:29:05.088+0000] {processor.py:830} INFO - Processing file /opt/airflow/dags/etl_pipeline.py for tasks to queue
[2026-05-08T22:29:05.088+0000] {logging_mixin.py:188} INFO - [2026-05-08T22:29:05.088+0000] {dagbag.py:538} INFO - Filling up the DagBag from /opt/airflow/dags/etl_pipeline.py
[2026-05-08T22:29:05.202+0000] {processor.py:840} INFO - DAG(s) 'etl_pipeline' retrieved from /opt/airflow/dags/etl_pipeline.py
[2026-05-08T22:29:05.214+0000] {logging_mixin.py:188} INFO - [2026-05-08T22:29:05.214+0000] {dag.py:3036} INFO - Sync 1 DAGs
[2026-05-08T22:29:05.223+0000] {logging_mixin.py:188} INFO - [2026-05-08T22:29:05.223+0000] {dag.py:3823} INFO - Setting next_dagrun for etl_pipeline to 2026-05-08 03:00:00+00:00, run_after=2026-05-09 03:00:00+00:00
[2026-05-08T22:29:05.229+0000] {processor.py:183} INFO - Processing /opt/airflow/dags/etl_pipeline.py took 0.144 seconds
[2026-05-08T22:29:35.469+0000] {processor.py:161} INFO - Started process (PID=469) to work on /opt/airflow/dags/etl_pipeline.py
[2026-05-08T22:29:35.470+0000] {processor.py:830} INFO - Processing file /opt/airflow/dags/etl_pipeline.py for tasks to queue
[2026-05-08T22:29:35.471+0000] {logging_mixin.py:188} INFO - [2026-05-08T22:29:35.471+0000] {dagbag.py:538} INFO - Filling up the DagBag from /opt/airflow/dags/etl_pipeline.py
[2026-05-08T22:29:35.578+0000] {processor.py:840} INFO - DAG(s) 'etl_pipeline' retrieved from /opt/airflow/dags/etl_pipeline.py
[2026-05-08T22:29:35.587+0000] {logging_mixin.py:188} INFO - [2026-05-08T22:29:35.587+0000] {dag.py:3036} INFO - Sync 1 DAGs
[2026-05-08T22:29:35.595+0000] {logging_mixin.py:188} INFO - [2026-05-08T22:29:35.595+0000] {dag.py:3823} INFO - Setting next_dagrun for etl_pipeline to 2026-05-08 03:00:00+00:00, run_after=2026-05-09 03:00:00+00:00
[2026-05-08T22:29:35.601+0000] {processor.py:183} INFO - Processing /opt/airflow/dags/etl_pipeline.py took 0.135 seconds
[2026-05-08T23:30:01.801+0000] {processor.py:161} INFO - Started process (PID=476) to work on /opt/airflow/dags/etl_pipeline.py
[2026-05-08T23:30:01.802+0000] {processor.py:830} INFO - Processing file /opt/airflow/dags/etl_pipeline.py for tasks to queue
[2026-05-08T23:30:01.802+0000] {logging_mixin.py:188} INFO - [2026-05-08T23:30:01.802+0000] {dagbag.py:538} INFO - Filling up the DagBag from /opt/airflow/dags/etl_pipeline.py
[2026-05-08T23:30:01.903+0000] {processor.py:840} INFO - DAG(s) 'etl_pipeline' retrieved from /opt/airflow/dags/etl_pipeline.py
[2026-05-08T23:30:01.913+0000] {logging_mixin.py:188} INFO - [2026-05-08T23:30:01.913+0000] {dag.py:3036} INFO - Sync 1 DAGs
[2026-05-08T23:30:01.921+0000] {logging_mixin.py:188} INFO - [2026-05-08T23:30:01.920+0000] {dag.py:3823} INFO - Setting next_dagrun for etl_pipeline to 2026-05-08 03:00:00+00:00, run_after=2026-05-09 03:00:00+00:00
[2026-05-08T23:30:01.926+0000] {processor.py:183} INFO - Processing /opt/airflow/dags/etl_pipeline.py took 0.126 seconds
[2026-05-08T23:30:32.114+0000] {processor.py:161} INFO - Started process (PID=483) to work on /opt/airflow/dags/etl_pipeline.py
[2026-05-08T23:30:32.115+0000] {processor.py:830} INFO - Processing file /opt/airflow/dags/etl_pipeline.py for tasks to queue
[2026-05-08T23:30:32.116+0000] {logging_mixin.py:188} INFO - [2026-05-08T23:30:32.116+0000] {dagbag.py:538} INFO - Filling up the DagBag from /opt/airflow/dags/etl_pipeline.py
[2026-05-08T23:30:32.220+0000] {processor.py:840} INFO - DAG(s) 'etl_pipeline' retrieved from /opt/airflow/dags/etl_pipeline.py
[2026-05-08T23:30:32.230+0000] {logging_mixin.py:188} INFO - [2026-05-08T23:30:32.230+0000] {dag.py:3036} INFO - Sync 1 DAGs
[2026-05-08T23:30:32.239+0000] {logging_mixin.py:188} INFO - [2026-05-08T23:30:32.239+0000] {dag.py:3823} INFO - Setting next_dagrun for etl_pipeline to 2026-05-08 03:00:00+00:00, run_after=2026-05-09 03:00:00+00:00
[2026-05-08T23:30:32.245+0000] {processor.py:183} INFO - Processing /opt/airflow/dags/etl_pipeline.py took 0.134 seconds
[2026-05-08T23:42:37.555+0000] {processor.py:161} INFO - Started process (PID=489) to work on /opt/airflow/dags/etl_pipeline.py
[2026-05-08T23:42:37.556+0000] {processor.py:830} INFO - Processing file /opt/airflow/dags/etl_pipeline.py for tasks to queue
[2026-05-08T23:42:37.556+0000] {logging_mixin.py:188} INFO - [2026-05-08T23:42:37.556+0000] {dagbag.py:538} INFO - Filling up the DagBag from /opt/airflow/dags/etl_pipeline.py
[2026-05-08T23:42:37.644+0000] {processor.py:840} INFO - DAG(s) 'etl_pipeline' retrieved from /opt/airflow/dags/etl_pipeline.py
[2026-05-08T23:42:37.654+0000] {logging_mixin.py:188} INFO - [2026-05-08T23:42:37.654+0000] {dag.py:3036} INFO - Sync 1 DAGs
[2026-05-08T23:42:37.661+0000] {logging_mixin.py:188} INFO - [2026-05-08T23:42:37.661+0000] {dag.py:3823} INFO - Setting next_dagrun for etl_pipeline to 2026-05-08 03:00:00+00:00, run_after=2026-05-09 03:00:00+00:00
[2026-05-08T23:42:37.668+0000] {processor.py:183} INFO - Processing /opt/airflow/dags/etl_pipeline.py took 0.114 seconds
[2026-05-08T23:52:28.569+0000] {processor.py:161} INFO - Started process (PID=495) to work on /opt/airflow/dags/etl_pipeline.py
[2026-05-08T23:52:28.569+0000] {processor.py:830} INFO - Processing file /opt/airflow/dags/etl_pipeline.py for tasks to queue
[2026-05-08T23:52:28.570+0000] {logging_mixin.py:188} INFO - [2026-05-08T23:52:28.570+0000] {dagbag.py:538} INFO - Filling up the DagBag from /opt/airflow/dags/etl_pipeline.py
[2026-05-08T23:52:28.679+0000] {processor.py:840} INFO - DAG(s) 'etl_pipeline' retrieved from /opt/airflow/dags/etl_pipeline.py
[2026-05-08T23:52:28.689+0000] {logging_mixin.py:188} INFO - [2026-05-08T23:52:28.689+0000] {dag.py:3036} INFO - Sync 1 DAGs
[2026-05-08T23:52:28.697+0000] {logging_mixin.py:188} INFO - [2026-05-08T23:52:28.697+0000] {dag.py:3823} INFO - Setting next_dagrun for etl_pipeline to 2026-05-08 03:00:00+00:00, run_after=2026-05-09 03:00:00+00:00
[2026-05-08T23:52:28.703+0000] {processor.py:183} INFO - Processing /opt/airflow/dags/etl_pipeline.py took 0.138 seconds
[2026-05-08T23:52:58.963+0000] {processor.py:161} INFO - Started process (PID=501) to work on /opt/airflow/dags/etl_pipeline.py
[2026-05-08T23:52:58.964+0000] {processor.py:830} INFO - Processing file /opt/airflow/dags/etl_pipeline.py for tasks to queue
[2026-05-08T23:52:58.966+0000] {logging_mixin.py:188} INFO - [2026-05-08T23:52:58.965+0000] {dagbag.py:538} INFO - Filling up the DagBag from /opt/airflow/dags/etl_pipeline.py
[2026-05-08T23:52:59.070+0000] {processor.py:840} INFO - DAG(s) 'etl_pipeline' retrieved from /opt/airflow/dags/etl_pipeline.py
[2026-05-08T23:52:59.079+0000] {logging_mixin.py:188} INFO - [2026-05-08T23:52:59.079+0000] {dag.py:3036} INFO - Sync 1 DAGs
[2026-05-08T23:52:59.087+0000] {logging_mixin.py:188} INFO - [2026-05-08T23:52:59.087+0000] {dag.py:3823} INFO - Setting next_dagrun for etl_pipeline to 2026-05-08 03:00:00+00:00, run_after=2026-05-09 03:00:00+00:00
[2026-05-08T23:52:59.093+0000] {processor.py:183} INFO - Processing /opt/airflow/dags/etl_pipeline.py took 0.133 seconds
