[2026-05-07T22:01:08.327+0000] {manager.py:469} INFO - Processing files using up to 2 processes at a time 
[2026-05-07T22:01:08.328+0000] {manager.py:470} INFO - Process each file at most once every 30 seconds
[2026-05-07T22:01:08.328+0000] {manager.py:471} INFO - Checking for new files in /opt/airflow/dags every 300 seconds
[2026-05-07T22:01:08.328+0000] {manager.py:738} INFO - Searching for files in /opt/airflow/dags
[2026-05-07T22:01:08.330+0000] {manager.py:741} INFO - There are 1 files in /opt/airflow/dags
[2026-05-07T22:01:08.361+0000] {manager.py:879} INFO - 
================================================================================
DAG File Processing Stats

File Path                            PID  Runtime      # DAGs    # Errors  Last Runtime    Last Run
---------------------------------  -----  ---------  --------  ----------  --------------  ----------
/opt/airflow/dags/etl_pipeline.py    171  0.02s             0           0
================================================================================
[2026-05-07T22:01:38.565+0000] {manager.py:879} INFO - 
================================================================================
DAG File Processing Stats

File Path                          PID    Runtime      # DAGs    # Errors  Last Runtime    Last Run
---------------------------------  -----  ---------  --------  ----------  --------------  -------------------
/opt/airflow/dags/etl_pipeline.py                           1           0  0.61s           2026-05-07T22:01:08
================================================================================
[2026-05-07T22:02:08.683+0000] {manager.py:879} INFO - 
================================================================================
DAG File Processing Stats

File Path                          PID    Runtime      # DAGs    # Errors  Last Runtime    Last Run
---------------------------------  -----  ---------  --------  ----------  --------------  -------------------
/opt/airflow/dags/etl_pipeline.py                           1           0  0.17s           2026-05-07T22:01:39
================================================================================
[2026-05-07T22:02:38.969+0000] {manager.py:879} INFO - 
================================================================================
DAG File Processing Stats

File Path                          PID    Runtime      # DAGs    # Errors  Last Runtime    Last Run
---------------------------------  -----  ---------  --------  ----------  --------------  -------------------
/opt/airflow/dags/etl_pipeline.py                           1           0  0.15s           2026-05-07T22:02:09
================================================================================
[2026-05-07T22:03:09.245+0000] {manager.py:879} INFO - 
================================================================================
DAG File Processing Stats

File Path                          PID    Runtime      # DAGs    # Errors  Last Runtime    Last Run
---------------------------------  -----  ---------  --------  ----------  --------------  -------------------
/opt/airflow/dags/etl_pipeline.py                           1           0  0.15s           2026-05-07T22:02:40
================================================================================
