[2026-05-07T22:01:08.349+0000] {processor.py:161} INFO - Started process (PID=171) to work on /opt/airflow/dags/etl_pipeline.py
[2026-05-07T22:01:08.351+0000] {processor.py:830} INFO - Processing file /opt/airflow/dags/etl_pipeline.py for tasks to queue
[2026-05-07T22:01:08.351+0000] {logging_mixin.py:188} INFO - [2026-05-07T22:01:08.351+0000] {dagbag.py:538} INFO - Filling up the DagBag from /opt/airflow/dags/etl_pipeline.py
[2026-05-07T22:01:08.785+0000] {processor.py:840} INFO - DAG(s) 'etl_pipeline' retrieved from /opt/airflow/dags/etl_pipeline.py
[2026-05-07T22:01:08.932+0000] {logging_mixin.py:188} INFO - [2026-05-07T22:01:08.932+0000] {override.py:1769} INFO - Created Permission View: can delete on DAG:etl_pipeline
[2026-05-07T22:01:08.935+0000] {logging_mixin.py:188} INFO - [2026-05-07T22:01:08.935+0000] {override.py:1769} INFO - Created Permission View: can edit on DAG:etl_pipeline
[2026-05-07T22:01:08.938+0000] {logging_mixin.py:188} INFO - [2026-05-07T22:01:08.937+0000] {override.py:1769} INFO - Created Permission View: can read on DAG:etl_pipeline
[2026-05-07T22:01:08.938+0000] {logging_mixin.py:188} INFO - [2026-05-07T22:01:08.938+0000] {dag.py:3036} INFO - Sync 1 DAGs
[2026-05-07T22:01:08.941+0000] {logging_mixin.py:188} INFO - [2026-05-07T22:01:08.941+0000] {dag.py:3058} INFO - Creating ORM DAG for etl_pipeline
[2026-05-07T22:01:08.944+0000] {logging_mixin.py:188} INFO - [2026-05-07T22:01:08.944+0000] {dag.py:3823} INFO - Setting next_dagrun for etl_pipeline to 2026-05-06 03:00:00+00:00, run_after=2026-05-07 03:00:00+00:00
[2026-05-07T22:01:08.951+0000] {processor.py:183} INFO - Processing /opt/airflow/dags/etl_pipeline.py took 0.604 seconds
[2026-05-07T22:01:39.261+0000] {processor.py:161} INFO - Started process (PID=177) to work on /opt/airflow/dags/etl_pipeline.py
[2026-05-07T22:01:39.262+0000] {processor.py:830} INFO - Processing file /opt/airflow/dags/etl_pipeline.py for tasks to queue
[2026-05-07T22:01:39.264+0000] {logging_mixin.py:188} INFO - [2026-05-07T22:01:39.263+0000] {dagbag.py:538} INFO - Filling up the DagBag from /opt/airflow/dags/etl_pipeline.py
[2026-05-07T22:01:39.385+0000] {processor.py:840} INFO - DAG(s) 'etl_pipeline' retrieved from /opt/airflow/dags/etl_pipeline.py
[2026-05-07T22:01:39.396+0000] {logging_mixin.py:188} INFO - [2026-05-07T22:01:39.396+0000] {dag.py:3036} INFO - Sync 1 DAGs
[2026-05-07T22:01:39.404+0000] {logging_mixin.py:188} INFO - [2026-05-07T22:01:39.404+0000] {dag.py:3823} INFO - Setting next_dagrun for etl_pipeline to 2026-05-06 03:00:00+00:00, run_after=2026-05-07 03:00:00+00:00
[2026-05-07T22:01:39.411+0000] {processor.py:183} INFO - Processing /opt/airflow/dags/etl_pipeline.py took 0.153 seconds
[2026-05-07T22:02:09.581+0000] {processor.py:161} INFO - Started process (PID=183) to work on /opt/airflow/dags/etl_pipeline.py
[2026-05-07T22:02:09.582+0000] {processor.py:830} INFO - Processing file /opt/airflow/dags/etl_pipeline.py for tasks to queue
[2026-05-07T22:02:09.582+0000] {logging_mixin.py:188} INFO - [2026-05-07T22:02:09.582+0000] {dagbag.py:538} INFO - Filling up the DagBag from /opt/airflow/dags/etl_pipeline.py
[2026-05-07T22:02:09.695+0000] {processor.py:840} INFO - DAG(s) 'etl_pipeline' retrieved from /opt/airflow/dags/etl_pipeline.py
[2026-05-07T22:02:09.705+0000] {logging_mixin.py:188} INFO - [2026-05-07T22:02:09.705+0000] {dag.py:3036} INFO - Sync 1 DAGs
[2026-05-07T22:02:09.712+0000] {logging_mixin.py:188} INFO - [2026-05-07T22:02:09.712+0000] {dag.py:3823} INFO - Setting next_dagrun for etl_pipeline to 2026-05-06 03:00:00+00:00, run_after=2026-05-07 03:00:00+00:00
[2026-05-07T22:02:09.718+0000] {processor.py:183} INFO - Processing /opt/airflow/dags/etl_pipeline.py took 0.141 seconds
[2026-05-07T22:02:39.999+0000] {processor.py:161} INFO - Started process (PID=189) to work on /opt/airflow/dags/etl_pipeline.py
[2026-05-07T22:02:39.999+0000] {processor.py:830} INFO - Processing file /opt/airflow/dags/etl_pipeline.py for tasks to queue
[2026-05-07T22:02:40.000+0000] {logging_mixin.py:188} INFO - [2026-05-07T22:02:40.000+0000] {dagbag.py:538} INFO - Filling up the DagBag from /opt/airflow/dags/etl_pipeline.py
[2026-05-07T22:02:40.103+0000] {processor.py:840} INFO - DAG(s) 'etl_pipeline' retrieved from /opt/airflow/dags/etl_pipeline.py
[2026-05-07T22:02:40.113+0000] {logging_mixin.py:188} INFO - [2026-05-07T22:02:40.113+0000] {dag.py:3036} INFO - Sync 1 DAGs
[2026-05-07T22:02:40.120+0000] {logging_mixin.py:188} INFO - [2026-05-07T22:02:40.120+0000] {dag.py:3823} INFO - Setting next_dagrun for etl_pipeline to 2026-05-06 03:00:00+00:00, run_after=2026-05-07 03:00:00+00:00
[2026-05-07T22:02:40.126+0000] {processor.py:183} INFO - Processing /opt/airflow/dags/etl_pipeline.py took 0.130 seconds
[2026-05-07T22:03:10.265+0000] {processor.py:161} INFO - Started process (PID=195) to work on /opt/airflow/dags/etl_pipeline.py
[2026-05-07T22:03:10.266+0000] {processor.py:830} INFO - Processing file /opt/airflow/dags/etl_pipeline.py for tasks to queue
[2026-05-07T22:03:10.266+0000] {logging_mixin.py:188} INFO - [2026-05-07T22:03:10.266+0000] {dagbag.py:538} INFO - Filling up the DagBag from /opt/airflow/dags/etl_pipeline.py
[2026-05-07T22:03:10.371+0000] {processor.py:840} INFO - DAG(s) 'etl_pipeline' retrieved from /opt/airflow/dags/etl_pipeline.py
[2026-05-07T22:03:10.381+0000] {logging_mixin.py:188} INFO - [2026-05-07T22:03:10.381+0000] {dag.py:3036} INFO - Sync 1 DAGs
[2026-05-07T22:03:10.389+0000] {logging_mixin.py:188} INFO - [2026-05-07T22:03:10.389+0000] {dag.py:3823} INFO - Setting next_dagrun for etl_pipeline to 2026-05-06 03:00:00+00:00, run_after=2026-05-07 03:00:00+00:00
[2026-05-07T22:03:10.395+0000] {processor.py:183} INFO - Processing /opt/airflow/dags/etl_pipeline.py took 0.134 seconds
